# JRE version: Java(TM) SE Runtime Environment (8.0_65-b17) (build 1.8.0_65-b17)
# Java VM: Java HotSpot(TM) 64-Bit Server VM (25.65-b01 mixed mode linux-amd64 compressed oops)
Heap:
 PSYoungGen      total 67584K, used 49671K [0x00000000d7f80000, 0x00000000dc680000, 0x0000000100000000)
  eden space 62464K, 79% used [0x00000000d7f80000,0x00000000db001d98,0x00000000dbc80000)
  from space 5120K, 0% used [0x00000000dbc80000,0x00000000dbc80000,0x00000000dc180000)
  to   space 5120K, 0% used [0x00000000dc180000,0x00000000dc180000,0x00000000dc680000)
 ParOldGen       total 70144K, used 13083K [0x0000000087e00000, 0x000000008c280000, 0x00000000d7f80000)
  object space 70144K, 18% used [0x0000000087e00000,0x0000000088ac6f30,0x000000008c280000)
 Metaspace       used 28388K, capacity 29296K, committed 29440K, reserved 1075200K
  class space    used 3782K, capacity 4005K, committed 4096K, reserved 1048576K
GC Heap History (8 events):
Event: 0,956 GC heap before
{Heap before GC invocations=1 (full 0):
 PSYoungGen      total 36352K, used 31232K [0x00000000d7f80000, 0x00000000da800000, 0x0000000100000000)
  eden space 31232K, 100% used [0x00000000d7f80000,0x00000000d9e00000,0x00000000d9e00000)
  from space 5120K, 0% used [0x00000000da300000,0x00000000da300000,0x00000000da800000)
  to   space 5120K, 0% used [0x00000000d9e00000,0x00000000d9e00000,0x00000000da300000)
 ParOldGen       total 83456K, used 0K [0x0000000087e00000, 0x000000008cf80000, 0x00000000d7f80000)
  object space 83456K, 0% used [0x0000000087e00000,0x0000000087e00000,0x000000008cf80000)
 Metaspace       used 11895K, capacity 12348K, committed 12544K, reserved 1060864K
  class space    used 1574K, capacity 1723K, committed 1792K, reserved 1048576K
Event: 0,968 GC heap after
Heap after GC invocations=1 (full 0):
 PSYoungGen      total 36352K, used 4066K [0x00000000d7f80000, 0x00000000dc680000, 0x0000000100000000)
  eden space 31232K, 0% used [0x00000000d7f80000,0x00000000d7f80000,0x00000000d9e00000)
  from space 5120K, 79% used [0x00000000d9e00000,0x00000000da1f8830,0x00000000da300000)
  to   space 5120K, 0% used [0x00000000dc180000,0x00000000dc180000,0x00000000dc680000)
 ParOldGen       total 83456K, used 8K [0x0000000087e00000, 0x000000008cf80000, 0x00000000d7f80000)
  object space 83456K, 0% used [0x0000000087e00000,0x0000000087e02000,0x000000008cf80000)
 Metaspace       used 11895K, capacity 12348K, committed 12544K, reserved 1060864K
  class space    used 1574K, capacity 1723K, committed 1792K, reserved 1048576K
}
Event: 2,029 GC heap before
{Heap before GC invocations=2 (full 0):
 PSYoungGen      total 36352K, used 35298K [0x00000000d7f80000, 0x00000000dc680000, 0x0000000100000000)
  eden space 31232K, 100% used [0x00000000d7f80000,0x00000000d9e00000,0x00000000d9e00000)
  from space 5120K, 79% used [0x00000000d9e00000,0x00000000da1f8830,0x00000000da300000)
  to   space 5120K, 0% used [0x00000000dc180000,0x00000000dc180000,0x00000000dc680000)
 ParOldGen       total 83456K, used 8K [0x0000000087e00000, 0x000000008cf80000, 0x00000000d7f80000)
  object space 83456K, 0% used [0x0000000087e00000,0x0000000087e02000,0x000000008cf80000)
 Metaspace       used 18121K, capacity 18632K, committed 18944K, reserved 1064960K
  class space    used 2306K, capacity 2441K, committed 2560K, reserved 1048576K
Event: 2,039 GC heap after
Heap after GC invocations=2 (full 0):
 PSYoungGen      total 67584K, used 5089K [0x00000000d7f80000, 0x00000000dc680000, 0x0000000100000000)
  eden space 62464K, 0% used [0x00000000d7f80000,0x00000000d7f80000,0x00000000dbc80000)
  from space 5120K, 99% used [0x00000000dc180000,0x00000000dc6787b8,0x00000000dc680000)
  to   space 5120K, 0% used [0x00000000dbc80000,0x00000000dbc80000,0x00000000dc180000)
 ParOldGen       total 83456K, used 4641K [0x0000000087e00000, 0x000000008cf80000, 0x00000000d7f80000)
  object space 83456K, 5% used [0x0000000087e00000,0x0000000088288630,0x000000008cf80000)
 Metaspace       used 18121K, capacity 18632K, committed 18944K, reserved 1064960K
  class space    used 2306K, capacity 2441K, committed 2560K, reserved 1048576K
}
Event: 3,391 GC heap before
{Heap before GC invocations=3 (full 0):
 PSYoungGen      total 67584K, used 28489K [0x00000000d7f80000, 0x00000000dc680000, 0x0000000100000000)
  eden space 62464K, 37% used [0x00000000d7f80000,0x00000000d9659e68,0x00000000dbc80000)
  from space 5120K, 99% used [0x00000000dc180000,0x00000000dc6787b8,0x00000000dc680000)
  to   space 5120K, 0% used [0x00000000dbc80000,0x00000000dbc80000,0x00000000dc180000)
 ParOldGen       total 83456K, used 4641K [0x0000000087e00000, 0x000000008cf80000, 0x00000000d7f80000)
  object space 83456K, 5% used [0x0000000087e00000,0x0000000088288630,0x000000008cf80000)
 Metaspace       used 20589K, capacity 21100K, committed 21296K, reserved 1069056K
  class space    used 2544K, capacity 2677K, committed 2688K, reserved 1048576K
Event: 3,400 GC heap after
Heap after GC invocations=3 (full 0):
 PSYoungGen      total 67584K, used 5115K [0x00000000d7f80000, 0x00000000dc680000, 0x0000000100000000)
  eden space 62464K, 0% used [0x00000000d7f80000,0x00000000d7f80000,0x00000000dbc80000)
  from space 5120K, 99% used [0x00000000dbc80000,0x00000000dc17eec0,0x00000000dc180000)
  to   space 5120K, 0% used [0x00000000dc180000,0x00000000dc180000,0x00000000dc680000)
 ParOldGen       total 83456K, used 11246K [0x0000000087e00000, 0x000000008cf80000, 0x00000000d7f80000)
  object space 83456K, 13% used [0x0000000087e00000,0x00000000888fb900,0x000000008cf80000)
 Metaspace       used 20589K, capacity 21100K, committed 21296K, reserved 1069056K
  class space    used 2544K, capacity 2677K, committed 2688K, reserved 1048576K
}
Event: 3,400 GC heap before
{Heap before GC invocations=4 (full 1):
 PSYoungGen      total 67584K, used 5115K [0x00000000d7f80000, 0x00000000dc680000, 0x0000000100000000)
  eden space 62464K, 0% used [0x00000000d7f80000,0x00000000d7f80000,0x00000000dbc80000)
  from space 5120K, 99% used [0x00000000dbc80000,0x00000000dc17eec0,0x00000000dc180000)
  to   space 5120K, 0% used [0x00000000dc180000,0x00000000dc180000,0x00000000dc680000)
 ParOldGen       total 83456K, used 11246K [0x0000000087e00000, 0x000000008cf80000, 0x00000000d7f80000)
  object space 83456K, 13% used [0x0000000087e00000,0x00000000888fb900,0x000000008cf80000)
 Metaspace       used 20589K, capacity 21100K, committed 21296K, reserved 1069056K
  class space    used 2544K, capacity 2677K, committed 2688K, reserved 1048576K
Event: 3,435 GC heap after
Heap after GC invocations=4 (full 1):
 PSYoungGen      total 67584K, used 0K [0x00000000d7f80000, 0x00000000dc680000, 0x0000000100000000)
  eden space 62464K, 0% used [0x00000000d7f80000,0x00000000d7f80000,0x00000000dbc80000)
  from space 5120K, 0% used [0x00000000dbc80000,0x00000000dbc80000,0x00000000dc180000)
  to   space 5120K, 0% used [0x00000000dc180000,0x00000000dc180000,0x00000000dc680000)
 ParOldGen       total 70144K, used 13083K [0x0000000087e00000, 0x000000008c280000, 0x00000000d7f80000)
  object space 70144K, 18% used [0x0000000087e00000,0x0000000088ac6f30,0x000000008c280000)
 Metaspace       used 20589K, capacity 21100K, committed 21296K, reserved 1069056K
  class space    used 2544K, capacity 2677K, committed 2688K, reserved 1048576K
}

