# JRE version: Java(TM) SE Runtime Environment (8.0_65-b17) (build 1.8.0_65-b17)
# Java VM: Java HotSpot(TM) 64-Bit Server VM (25.65-b01 mixed mode linux-amd64 compressed oops)
Heap:
 PSYoungGen      total 67584K, used 30394K [0x00000000d7f80000, 0x00000000de580000, 0x0000000100000000)
  eden space 62464K, 40% used [0x00000000d7f80000,0x00000000d982ffa8,0x00000000dbc80000)
  from space 5120K, 99% used [0x00000000dbc80000,0x00000000dc17ead0,0x00000000dc180000)
  to   space 14848K, 0% used [0x00000000dd700000,0x00000000dd700000,0x00000000de580000)
 ParOldGen       total 54272K, used 20548K [0x0000000087e00000, 0x000000008b300000, 0x00000000d7f80000)
  object space 54272K, 37% used [0x0000000087e00000,0x0000000089211098,0x000000008b300000)
 Metaspace       used 31631K, capacity 32966K, committed 33152K, reserved 1077248K
  class space    used 4163K, capacity 4452K, committed 4480K, reserved 1048576K
GC Heap History (10 events):
Event: 1,779 GC heap before
{Heap before GC invocations=2 (full 0):
 PSYoungGen      total 36352K, used 35724K [0x00000000d7f80000, 0x00000000da800000, 0x0000000100000000)
  eden space 31232K, 100% used [0x00000000d7f80000,0x00000000d9e00000,0x00000000d9e00000)
  from space 5120K, 87% used [0x00000000d9e00000,0x00000000da263028,0x00000000da300000)
  to   space 5120K, 0% used [0x00000000da300000,0x00000000da300000,0x00000000da800000)
 ParOldGen       total 83456K, used 72K [0x0000000087e00000, 0x000000008cf80000, 0x00000000d7f80000)
  object space 83456K, 0% used [0x0000000087e00000,0x0000000087e12010,0x000000008cf80000)
 Metaspace       used 17895K, capacity 18452K, committed 18560K, reserved 1064960K
  class space    used 2264K, capacity 2419K, committed 2432K, reserved 1048576K
Event: 1,789 GC heap after
Heap after GC invocations=2 (full 0):
 PSYoungGen      total 36352K, used 5090K [0x00000000d7f80000, 0x00000000dc680000, 0x0000000100000000)
  eden space 31232K, 0% used [0x00000000d7f80000,0x00000000d7f80000,0x00000000d9e00000)
  from space 5120K, 99% used [0x00000000da300000,0x00000000da7f8820,0x00000000da800000)
  to   space 5120K, 0% used [0x00000000d9e00000,0x00000000d9e00000,0x00000000da300000)
 ParOldGen       total 83456K, used 1196K [0x0000000087e00000, 0x000000008cf80000, 0x00000000d7f80000)
  object space 83456K, 1% used [0x0000000087e00000,0x0000000087f2b3c0,0x000000008cf80000)
 Metaspace       used 17895K, capacity 18452K, committed 18560K, reserved 1064960K
  class space    used 2264K, capacity 2419K, committed 2432K, reserved 1048576K
}
Event: 2,000 GC heap before
{Heap before GC invocations=3 (full 0):
 PSYoungGen      total 36352K, used 18063K [0x00000000d7f80000, 0x00000000dc680000, 0x0000000100000000)
  eden space 31232K, 41% used [0x00000000d7f80000,0x00000000d8c2b498,0x00000000d9e00000)
  from space 5120K, 99% used [0x00000000da300000,0x00000000da7f8820,0x00000000da800000)
  to   space 5120K, 0% used [0x00000000d9e00000,0x00000000d9e00000,0x00000000da300000)
 ParOldGen       total 83456K, used 1196K [0x0000000087e00000, 0x000000008cf80000, 0x00000000d7f80000)
  object space 83456K, 1% used [0x0000000087e00000,0x0000000087f2b3c0,0x000000008cf80000)
 Metaspace       used 20605K, capacity 21156K, committed 21248K, reserved 1067008K
  class space    used 2588K, capacity 2779K, committed 2816K, reserved 1048576K
Event: 2,016 GC heap after
Heap after GC invocations=3 (full 0):
 PSYoungGen      total 36352K, used 5104K [0x00000000d7f80000, 0x00000000dc680000, 0x0000000100000000)
  eden space 31232K, 0% used [0x00000000d7f80000,0x00000000d7f80000,0x00000000d9e00000)
  from space 5120K, 99% used [0x00000000d9e00000,0x00000000da2fc050,0x00000000da300000)
  to   space 5120K, 0% used [0x00000000dc180000,0x00000000dc180000,0x00000000dc680000)
 ParOldGen       total 83456K, used 3564K [0x0000000087e00000, 0x000000008cf80000, 0x00000000d7f80000)
  object space 83456K, 4% used [0x0000000087e00000,0x000000008817b1d8,0x000000008cf80000)
 Metaspace       used 20605K, capacity 21156K, committed 21248K, reserved 1067008K
  class space    used 2588K, capacity 2779K, committed 2816K, reserved 1048576K
}
Event: 2,016 GC heap before
{Heap before GC invocations=4 (full 1):
 PSYoungGen      total 36352K, used 5104K [0x00000000d7f80000, 0x00000000dc680000, 0x0000000100000000)
  eden space 31232K, 0% used [0x00000000d7f80000,0x00000000d7f80000,0x00000000d9e00000)
  from space 5120K, 99% used [0x00000000d9e00000,0x00000000da2fc050,0x00000000da300000)
  to   space 5120K, 0% used [0x00000000dc180000,0x00000000dc180000,0x00000000dc680000)
 ParOldGen       total 83456K, used 3564K [0x0000000087e00000, 0x000000008cf80000, 0x00000000d7f80000)
  object space 83456K, 4% used [0x0000000087e00000,0x000000008817b1d8,0x000000008cf80000)
 Metaspace       used 20605K, capacity 21156K, committed 21248K, reserved 1067008K
  class space    used 2588K, capacity 2779K, committed 2816K, reserved 1048576K
Event: 2,054 GC heap after
Heap after GC invocations=4 (full 1):
 PSYoungGen      total 36352K, used 0K [0x00000000d7f80000, 0x00000000dc680000, 0x0000000100000000)
  eden space 31232K, 0% used [0x00000000d7f80000,0x00000000d7f80000,0x00000000d9e00000)
  from space 5120K, 0% used [0x00000000d9e00000,0x00000000d9e00000,0x00000000da300000)
  to   space 5120K, 0% used [0x00000000dc180000,0x00000000dc180000,0x00000000dc680000)
 ParOldGen       total 54272K, used 7604K [0x0000000087e00000, 0x000000008b300000, 0x00000000d7f80000)
  object space 54272K, 14% used [0x0000000087e00000,0x000000008856d190,0x000000008b300000)
 Metaspace       used 20605K, capacity 21156K, committed 21248K, reserved 1067008K
  class space    used 2588K, capacity 2779K, committed 2816K, reserved 1048576K
}
Event: 3,407 GC heap before
{Heap before GC invocations=5 (full 1):
 PSYoungGen      total 36352K, used 31232K [0x00000000d7f80000, 0x00000000dc680000, 0x0000000100000000)
  eden space 31232K, 100% used [0x00000000d7f80000,0x00000000d9e00000,0x00000000d9e00000)
  from space 5120K, 0% used [0x00000000d9e00000,0x00000000d9e00000,0x00000000da300000)
  to   space 5120K, 0% used [0x00000000dc180000,0x00000000dc180000,0x00000000dc680000)
 ParOldGen       total 54272K, used 7604K [0x0000000087e00000, 0x000000008b300000, 0x00000000d7f80000)
  object space 54272K, 14% used [0x0000000087e00000,0x000000008856d190,0x000000008b300000)
 Metaspace       used 23944K, capacity 24544K, committed 24960K, reserved 1071104K
  class space    used 2946K, capacity 3083K, committed 3200K, reserved 1048576K
Event: 3,412 GC heap after
Heap after GC invocations=5 (full 1):
 PSYoungGen      total 53760K, used 5093K [0x00000000d7f80000, 0x00000000dc680000, 0x0000000100000000)
  eden space 48640K, 0% used [0x00000000d7f80000,0x00000000d7f80000,0x00000000daf00000)
  from space 5120K, 99% used [0x00000000dc180000,0x00000000dc6795c0,0x00000000dc680000)
  to   space 5120K, 0% used [0x00000000dbc80000,0x00000000dbc80000,0x00000000dc180000)
 ParOldGen       total 54272K, used 11064K [0x0000000087e00000, 0x000000008b300000, 0x00000000d7f80000)
  object space 54272K, 20% used [0x0000000087e00000,0x00000000888ce058,0x000000008b300000)
 Metaspace       used 23944K, capacity 24544K, committed 24960K, reserved 1071104K
  class space    used 2946K, capacity 3083K, committed 3200K, reserved 1048576K
}
Event: 3,907 GC heap before
{Heap before GC invocations=6 (full 1):
 PSYoungGen      total 53760K, used 53733K [0x00000000d7f80000, 0x00000000dc680000, 0x0000000100000000)
  eden space 48640K, 100% used [0x00000000d7f80000,0x00000000daf00000,0x00000000daf00000)
  from space 5120K, 99% used [0x00000000dc180000,0x00000000dc6795c0,0x00000000dc680000)
  to   space 5120K, 0% used [0x00000000dbc80000,0x00000000dbc80000,0x00000000dc180000)
 ParOldGen       total 54272K, used 11064K [0x0000000087e00000, 0x000000008b300000, 0x00000000d7f80000)
  object space 54272K, 20% used [0x0000000087e00000,0x00000000888ce058,0x000000008b300000)
 Metaspace       used 27172K, capacity 27952K, committed 28032K, reserved 1073152K
  class space    used 3523K, capacity 3709K, committed 3712K, reserved 1048576K
Event: 3,914 GC heap after
Heap after GC invocations=6 (full 1):
 PSYoungGen      total 67584K, used 5114K [0x00000000d7f80000, 0x00000000de580000, 0x0000000100000000)
  eden space 62464K, 0% used [0x00000000d7f80000,0x00000000d7f80000,0x00000000dbc80000)
  from space 5120K, 99% used [0x00000000dbc80000,0x00000000dc17ead0,0x00000000dc180000)
  to   space 14848K, 0% used [0x00000000dd700000,0x00000000dd700000,0x00000000de580000)
 ParOldGen       total 54272K, used 20548K [0x0000000087e00000, 0x000000008b300000, 0x00000000d7f80000)
  object space 54272K, 37% used [0x0000000087e00000,0x0000000089211098,0x000000008b300000)
 Metaspace       used 27172K, capacity 27952K, committed 28032K, reserved 1073152K
  class space    used 3523K, capacity 3709K, committed 3712K, reserved 1048576K
}

