# JRE version: Java(TM) SE Runtime Environment (8.0_66-b18) (build 1.8.0_66-b18)
# Java VM: Java HotSpot(TM) 64-Bit Server VM (25.66-b18 mixed mode windows-amd64 compressed oops)
Heap:
 PSYoungGen      total 113664K, used 57235K [0x00000000d6100000, 0x00000000df100000, 0x0000000100000000)
  eden space 102912K, 47% used [0x00000000d6100000,0x00000000d9129140,0x00000000dc580000)
  from space 10752K, 73% used [0x00000000dc580000,0x00000000dcd3baf0,0x00000000dd000000)
  to   space 10752K, 0% used [0x00000000de680000,0x00000000de680000,0x00000000df100000)
 ParOldGen       total 79360K, used 18607K [0x0000000082200000, 0x0000000086f80000, 0x00000000d6100000)
  object space 79360K, 23% used [0x0000000082200000,0x000000008342bfa8,0x0000000086f80000)
 Metaspace       used 30304K, capacity 31804K, committed 32128K, reserved 1077248K
  class space    used 4070K, capacity 4385K, committed 4480K, reserved 1048576K
GC Heap History (10 events):
Event: 141.895 GC heap before
{Heap before GC invocations=14 (full 1):
 PSYoungGen      total 75776K, used 73278K [0x00000000d6100000, 0x00000000db680000, 0x0000000100000000)
  eden space 65024K, 100% used [0x00000000d6100000,0x00000000da080000,0x00000000da080000)
  from space 10752K, 76% used [0x00000000dac00000,0x00000000db40fae0,0x00000000db680000)
  to   space 11264K, 0% used [0x00000000da080000,0x00000000da080000,0x00000000dab80000)
 ParOldGen       total 79360K, used 18575K [0x0000000082200000, 0x0000000086f80000, 0x00000000d6100000)
  object space 79360K, 23% used [0x0000000082200000,0x0000000083423fa8,0x0000000086f80000)
 Metaspace       used 30189K, capacity 31728K, committed 32128K, reserved 1077248K
  class space    used 4053K, capacity 4383K, committed 4480K, reserved 1048576K
Event: 141.907 GC heap after
Heap after GC invocations=14 (full 1):
 PSYoungGen      total 76288K, used 8510K [0x00000000d6100000, 0x00000000dc500000, 0x0000000100000000)
  eden space 65024K, 0% used [0x00000000d6100000,0x00000000d6100000,0x00000000da080000)
  from space 11264K, 75% used [0x00000000da080000,0x00000000da8cfae0,0x00000000dab80000)
  to   space 11264K, 0% used [0x00000000dba00000,0x00000000dba00000,0x00000000dc500000)
 ParOldGen       total 79360K, used 18583K [0x0000000082200000, 0x0000000086f80000, 0x00000000d6100000)
  object space 79360K, 23% used [0x0000000082200000,0x0000000083425fa8,0x0000000086f80000)
 Metaspace       used 30189K, capacity 31728K, committed 32128K, reserved 1077248K
  class space    used 4053K, capacity 4383K, committed 4480K, reserved 1048576K
}
Event: 144.323 GC heap before
{Heap before GC invocations=15 (full 1):
 PSYoungGen      total 76288K, used 73534K [0x00000000d6100000, 0x00000000dc500000, 0x0000000100000000)
  eden space 65024K, 100% used [0x00000000d6100000,0x00000000da080000,0x00000000da080000)
  from space 11264K, 75% used [0x00000000da080000,0x00000000da8cfae0,0x00000000dab80000)
  to   space 11264K, 0% used [0x00000000dba00000,0x00000000dba00000,0x00000000dc500000)
 ParOldGen       total 79360K, used 18583K [0x0000000082200000, 0x0000000086f80000, 0x00000000d6100000)
  object space 79360K, 23% used [0x0000000082200000,0x0000000083425fa8,0x0000000086f80000)
 Metaspace       used 30250K, capacity 31792K, committed 32128K, reserved 1077248K
  class space    used 4056K, capacity 4383K, committed 4480K, reserved 1048576K
Event: 144.341 GC heap after
Heap after GC invocations=15 (full 1):
 PSYoungGen      total 91136K, used 8558K [0x00000000d6100000, 0x00000000dc680000, 0x0000000100000000)
  eden space 79872K, 0% used [0x00000000d6100000,0x00000000d6100000,0x00000000daf00000)
  from space 11264K, 75% used [0x00000000dba00000,0x00000000dc25baf0,0x00000000dc500000)
  to   space 11264K, 0% used [0x00000000daf00000,0x00000000daf00000,0x00000000dba00000)
 ParOldGen       total 79360K, used 18591K [0x0000000082200000, 0x0000000086f80000, 0x00000000d6100000)
  object space 79360K, 23% used [0x0000000082200000,0x0000000083427fa8,0x0000000086f80000)
 Metaspace       used 30250K, capacity 31792K, committed 32128K, reserved 1077248K
  class space    used 4056K, capacity 4383K, committed 4480K, reserved 1048576K
}
Event: 145.412 GC heap before
{Heap before GC invocations=16 (full 1):
 PSYoungGen      total 91136K, used 88430K [0x00000000d6100000, 0x00000000dc680000, 0x0000000100000000)
  eden space 79872K, 100% used [0x00000000d6100000,0x00000000daf00000,0x00000000daf00000)
  from space 11264K, 75% used [0x00000000dba00000,0x00000000dc25baf0,0x00000000dc500000)
  to   space 11264K, 0% used [0x00000000daf00000,0x00000000daf00000,0x00000000dba00000)
 ParOldGen       total 79360K, used 18591K [0x0000000082200000, 0x0000000086f80000, 0x00000000d6100000)
  object space 79360K, 23% used [0x0000000082200000,0x0000000083427fa8,0x0000000086f80000)
 Metaspace       used 30256K, capacity 31792K, committed 32128K, reserved 1077248K
  class space    used 4057K, capacity 4383K, committed 4480K, reserved 1048576K
Event: 145.423 GC heap after
Heap after GC invocations=16 (full 1):
 PSYoungGen      total 91136K, used 7902K [0x00000000d6100000, 0x00000000ddb00000, 0x0000000100000000)
  eden space 79872K, 0% used [0x00000000d6100000,0x00000000d6100000,0x00000000daf00000)
  from space 11264K, 70% used [0x00000000daf00000,0x00000000db6b7ae0,0x00000000dba00000)
  to   space 11264K, 0% used [0x00000000dd000000,0x00000000dd000000,0x00000000ddb00000)
 ParOldGen       total 79360K, used 18591K [0x0000000082200000, 0x0000000086f80000, 0x00000000d6100000)
  object space 79360K, 23% used [0x0000000082200000,0x0000000083427fa8,0x0000000086f80000)
 Metaspace       used 30256K, capacity 31792K, committed 32128K, reserved 1077248K
  class space    used 4057K, capacity 4383K, committed 4480K, reserved 1048576K
}
Event: 146.293 GC heap before
{Heap before GC invocations=17 (full 1):
 PSYoungGen      total 91136K, used 87774K [0x00000000d6100000, 0x00000000ddb00000, 0x0000000100000000)
  eden space 79872K, 100% used [0x00000000d6100000,0x00000000daf00000,0x00000000daf00000)
  from space 11264K, 70% used [0x00000000daf00000,0x00000000db6b7ae0,0x00000000dba00000)
  to   space 11264K, 0% used [0x00000000dd000000,0x00000000dd000000,0x00000000ddb00000)
 ParOldGen       total 79360K, used 18591K [0x0000000082200000, 0x0000000086f80000, 0x00000000d6100000)
  object space 79360K, 23% used [0x0000000082200000,0x0000000083427fa8,0x0000000086f80000)
 Metaspace       used 30256K, capacity 31792K, committed 32128K, reserved 1077248K
  class space    used 4057K, capacity 4383K, committed 4480K, reserved 1048576K
Event: 146.304 GC heap after
Heap after GC invocations=17 (full 1):
 PSYoungGen      total 114176K, used 7902K [0x00000000d6100000, 0x00000000ddc80000, 0x0000000100000000)
  eden space 102912K, 0% used [0x00000000d6100000,0x00000000d6100000,0x00000000dc580000)
  from space 11264K, 70% used [0x00000000dd000000,0x00000000dd7b7ae0,0x00000000ddb00000)
  to   space 10752K, 0% used [0x00000000dc580000,0x00000000dc580000,0x00000000dd000000)
 ParOldGen       total 79360K, used 18599K [0x0000000082200000, 0x0000000086f80000, 0x00000000d6100000)
  object space 79360K, 23% used [0x0000000082200000,0x0000000083429fa8,0x0000000086f80000)
 Metaspace       used 30256K, capacity 31792K, committed 32128K, reserved 1077248K
  class space    used 4057K, capacity 4383K, committed 4480K, reserved 1048576K
}
Event: 147.334 GC heap before
{Heap before GC invocations=18 (full 1):
 PSYoungGen      total 114176K, used 110814K [0x00000000d6100000, 0x00000000ddc80000, 0x0000000100000000)
  eden space 102912K, 100% used [0x00000000d6100000,0x00000000dc580000,0x00000000dc580000)
  from space 11264K, 70% used [0x00000000dd000000,0x00000000dd7b7ae0,0x00000000ddb00000)
  to   space 10752K, 0% used [0x00000000dc580000,0x00000000dc580000,0x00000000dd000000)
 ParOldGen       total 79360K, used 18599K [0x0000000082200000, 0x0000000086f80000, 0x00000000d6100000)
  object space 79360K, 23% used [0x0000000082200000,0x0000000083429fa8,0x0000000086f80000)
 Metaspace       used 30290K, capacity 31792K, committed 32128K, reserved 1077248K
  class space    used 4068K, capacity 4383K, committed 4480K, reserved 1048576K
Event: 147.348 GC heap after
Heap after GC invocations=18 (full 1):
 PSYoungGen      total 113664K, used 7918K [0x00000000d6100000, 0x00000000df100000, 0x0000000100000000)
  eden space 102912K, 0% used [0x00000000d6100000,0x00000000d6100000,0x00000000dc580000)
  from space 10752K, 73% used [0x00000000dc580000,0x00000000dcd3baf0,0x00000000dd000000)
  to   space 10752K, 0% used [0x00000000de680000,0x00000000de680000,0x00000000df100000)
 ParOldGen       total 79360K, used 18607K [0x0000000082200000, 0x0000000086f80000, 0x00000000d6100000)
  object space 79360K, 23% used [0x0000000082200000,0x000000008342bfa8,0x0000000086f80000)
 Metaspace       used 30290K, capacity 31792K, committed 32128K, reserved 1077248K
  class space    used 4068K, capacity 4383K, committed 4480K, reserved 1048576K
}

