# JRE version: Java(TM) SE Runtime Environment (8.0_65-b17) (build 1.8.0_65-b17)
# Java VM: Java HotSpot(TM) 64-Bit Server VM (25.65-b01 mixed mode linux-amd64 compressed oops)
Heap:
 PSYoungGen      total 67584K, used 32826K [0x00000000d7f80000, 0x00000000ddf80000, 0x0000000100000000)
  eden space 62464K, 44% used [0x00000000d7f80000,0x00000000d9a94328,0x00000000dbc80000)
  from space 5120K, 99% used [0x00000000dbc80000,0x00000000dc17a560,0x00000000dc180000)
  to   space 14336K, 0% used [0x00000000dd180000,0x00000000dd180000,0x00000000ddf80000)
 ParOldGen       total 56832K, used 20190K [0x0000000087e00000, 0x000000008b580000, 0x00000000d7f80000)
  object space 56832K, 35% used [0x0000000087e00000,0x00000000891b7948,0x000000008b580000)
 Metaspace       used 31599K, capacity 32902K, committed 33152K, reserved 1077248K
  class space    used 4165K, capacity 4452K, committed 4480K, reserved 1048576K
GC Heap History (10 events):
Event: 1,814 GC heap before
{Heap before GC invocations=2 (full 0):
 PSYoungGen      total 36352K, used 36091K [0x00000000d7f80000, 0x00000000da800000, 0x0000000100000000)
  eden space 31232K, 100% used [0x00000000d7f80000,0x00000000d9e00000,0x00000000d9e00000)
  from space 5120K, 94% used [0x00000000d9e00000,0x00000000da2beff8,0x00000000da300000)
  to   space 5120K, 0% used [0x00000000da300000,0x00000000da300000,0x00000000da800000)
 ParOldGen       total 83456K, used 72K [0x0000000087e00000, 0x000000008cf80000, 0x00000000d7f80000)
  object space 83456K, 0% used [0x0000000087e00000,0x0000000087e12010,0x000000008cf80000)
 Metaspace       used 18036K, capacity 18568K, committed 18816K, reserved 1064960K
  class space    used 2285K, capacity 2419K, committed 2432K, reserved 1048576K
Event: 1,823 GC heap after
Heap after GC invocations=2 (full 0):
 PSYoungGen      total 36352K, used 5106K [0x00000000d7f80000, 0x00000000dc680000, 0x0000000100000000)
  eden space 31232K, 0% used [0x00000000d7f80000,0x00000000d7f80000,0x00000000d9e00000)
  from space 5120K, 99% used [0x00000000da300000,0x00000000da7fc810,0x00000000da800000)
  to   space 5120K, 0% used [0x00000000d9e00000,0x00000000d9e00000,0x00000000da300000)
 ParOldGen       total 83456K, used 1355K [0x0000000087e00000, 0x000000008cf80000, 0x00000000d7f80000)
  object space 83456K, 1% used [0x0000000087e00000,0x0000000087f52e08,0x000000008cf80000)
 Metaspace       used 18036K, capacity 18568K, committed 18816K, reserved 1064960K
  class space    used 2285K, capacity 2419K, committed 2432K, reserved 1048576K
}
Event: 2,045 GC heap before
{Heap before GC invocations=3 (full 0):
 PSYoungGen      total 36352K, used 17051K [0x00000000d7f80000, 0x00000000dc680000, 0x0000000100000000)
  eden space 31232K, 38% used [0x00000000d7f80000,0x00000000d8b2a5e0,0x00000000d9e00000)
  from space 5120K, 99% used [0x00000000da300000,0x00000000da7fc810,0x00000000da800000)
  to   space 5120K, 0% used [0x00000000d9e00000,0x00000000d9e00000,0x00000000da300000)
 ParOldGen       total 83456K, used 1355K [0x0000000087e00000, 0x000000008cf80000, 0x00000000d7f80000)
  object space 83456K, 1% used [0x0000000087e00000,0x0000000087f52e08,0x000000008cf80000)
 Metaspace       used 20586K, capacity 21112K, committed 21248K, reserved 1067008K
  class space    used 2584K, capacity 2747K, committed 2816K, reserved 1048576K
Event: 2,051 GC heap after
Heap after GC invocations=3 (full 0):
 PSYoungGen      total 36352K, used 5093K [0x00000000d7f80000, 0x00000000dc680000, 0x0000000100000000)
  eden space 31232K, 0% used [0x00000000d7f80000,0x00000000d7f80000,0x00000000d9e00000)
  from space 5120K, 99% used [0x00000000d9e00000,0x00000000da2f9760,0x00000000da300000)
  to   space 5120K, 0% used [0x00000000dc180000,0x00000000dc180000,0x00000000dc680000)
 ParOldGen       total 83456K, used 3612K [0x0000000087e00000, 0x000000008cf80000, 0x00000000d7f80000)
  object space 83456K, 4% used [0x0000000087e00000,0x00000000881871f8,0x000000008cf80000)
 Metaspace       used 20586K, capacity 21112K, committed 21248K, reserved 1067008K
  class space    used 2584K, capacity 2747K, committed 2816K, reserved 1048576K
}
Event: 2,051 GC heap before
{Heap before GC invocations=4 (full 1):
 PSYoungGen      total 36352K, used 5093K [0x00000000d7f80000, 0x00000000dc680000, 0x0000000100000000)
  eden space 31232K, 0% used [0x00000000d7f80000,0x00000000d7f80000,0x00000000d9e00000)
  from space 5120K, 99% used [0x00000000d9e00000,0x00000000da2f9760,0x00000000da300000)
  to   space 5120K, 0% used [0x00000000dc180000,0x00000000dc180000,0x00000000dc680000)
 ParOldGen       total 83456K, used 3612K [0x0000000087e00000, 0x000000008cf80000, 0x00000000d7f80000)
  object space 83456K, 4% used [0x0000000087e00000,0x00000000881871f8,0x000000008cf80000)
 Metaspace       used 20586K, capacity 21112K, committed 21248K, reserved 1067008K
  class space    used 2584K, capacity 2747K, committed 2816K, reserved 1048576K
Event: 2,081 GC heap after
Heap after GC invocations=4 (full 1):
 PSYoungGen      total 36352K, used 0K [0x00000000d7f80000, 0x00000000dc680000, 0x0000000100000000)
  eden space 31232K, 0% used [0x00000000d7f80000,0x00000000d7f80000,0x00000000d9e00000)
  from space 5120K, 0% used [0x00000000d9e00000,0x00000000d9e00000,0x00000000da300000)
  to   space 5120K, 0% used [0x00000000dc180000,0x00000000dc180000,0x00000000dc680000)
 ParOldGen       total 56832K, used 7498K [0x0000000087e00000, 0x000000008b580000, 0x00000000d7f80000)
  object space 56832K, 13% used [0x0000000087e00000,0x0000000088552910,0x000000008b580000)
 Metaspace       used 20586K, capacity 21112K, committed 21248K, reserved 1067008K
  class space    used 2584K, capacity 2747K, committed 2816K, reserved 1048576K
}
Event: 3,567 GC heap before
{Heap before GC invocations=5 (full 1):
 PSYoungGen      total 36352K, used 31232K [0x00000000d7f80000, 0x00000000dc680000, 0x0000000100000000)
  eden space 31232K, 100% used [0x00000000d7f80000,0x00000000d9e00000,0x00000000d9e00000)
  from space 5120K, 0% used [0x00000000d9e00000,0x00000000d9e00000,0x00000000da300000)
  to   space 5120K, 0% used [0x00000000dc180000,0x00000000dc180000,0x00000000dc680000)
 ParOldGen       total 56832K, used 7498K [0x0000000087e00000, 0x000000008b580000, 0x00000000d7f80000)
  object space 56832K, 13% used [0x0000000087e00000,0x0000000088552910,0x000000008b580000)
 Metaspace       used 23969K, capacity 24532K, committed 24960K, reserved 1071104K
  class space    used 2944K, capacity 3083K, committed 3200K, reserved 1048576K
Event: 3,573 GC heap after
Heap after GC invocations=5 (full 1):
 PSYoungGen      total 51712K, used 5094K [0x00000000d7f80000, 0x00000000dc680000, 0x0000000100000000)
  eden space 46592K, 0% used [0x00000000d7f80000,0x00000000d7f80000,0x00000000dad00000)
  from space 5120K, 99% used [0x00000000dc180000,0x00000000dc679800,0x00000000dc680000)
  to   space 5120K, 0% used [0x00000000dbc80000,0x00000000dbc80000,0x00000000dc180000)
 ParOldGen       total 56832K, used 10967K [0x0000000087e00000, 0x000000008b580000, 0x00000000d7f80000)
  object space 56832K, 19% used [0x0000000087e00000,0x00000000888b5e68,0x000000008b580000)
 Metaspace       used 23969K, capacity 24532K, committed 24960K, reserved 1071104K
  class space    used 2944K, capacity 3083K, committed 3200K, reserved 1048576K
}
Event: 3,999 GC heap before
{Heap before GC invocations=6 (full 1):
 PSYoungGen      total 51712K, used 51686K [0x00000000d7f80000, 0x00000000dc680000, 0x0000000100000000)
  eden space 46592K, 100% used [0x00000000d7f80000,0x00000000dad00000,0x00000000dad00000)
  from space 5120K, 99% used [0x00000000dc180000,0x00000000dc679800,0x00000000dc680000)
  to   space 5120K, 0% used [0x00000000dbc80000,0x00000000dbc80000,0x00000000dc180000)
 ParOldGen       total 56832K, used 10967K [0x0000000087e00000, 0x000000008b580000, 0x00000000d7f80000)
  object space 56832K, 19% used [0x0000000087e00000,0x00000000888b5e68,0x000000008b580000)
 Metaspace       used 26482K, capacity 27240K, committed 27392K, reserved 1073152K
  class space    used 3396K, capacity 3567K, committed 3584K, reserved 1048576K
Event: 4,005 GC heap after
Heap after GC invocations=6 (full 1):
 PSYoungGen      total 67584K, used 5097K [0x00000000d7f80000, 0x00000000ddf80000, 0x0000000100000000)
  eden space 62464K, 0% used [0x00000000d7f80000,0x00000000d7f80000,0x00000000dbc80000)
  from space 5120K, 99% used [0x00000000dbc80000,0x00000000dc17a560,0x00000000dc180000)
  to   space 14336K, 0% used [0x00000000dd180000,0x00000000dd180000,0x00000000ddf80000)
 ParOldGen       total 56832K, used 20190K [0x0000000087e00000, 0x000000008b580000, 0x00000000d7f80000)
  object space 56832K, 35% used [0x0000000087e00000,0x00000000891b7948,0x000000008b580000)
 Metaspace       used 26482K, capacity 27240K, committed 27392K, reserved 1073152K
  class space    used 3396K, capacity 3567K, committed 3584K, reserved 1048576K
}

