# JRE version: Java(TM) SE Runtime Environment (8.0_66-b18) (build 1.8.0_66-b18)
# Java VM: Java HotSpot(TM) 64-Bit Server VM (25.66-b18 mixed mode windows-amd64 compressed oops)
Heap:
 PSYoungGen      total 37888K, used 13844K [0x00000000d6100000, 0x00000000db080000, 0x0000000100000000)
  eden space 32768K, 26% used [0x00000000d6100000,0x00000000d6985738,0x00000000d8100000)
  from space 5120K, 99% used [0x00000000d8100000,0x00000000d85ffad0,0x00000000d8600000)
  to   space 17920K, 0% used [0x00000000d9f00000,0x00000000d9f00000,0x00000000db080000)
 ParOldGen       total 84480K, used 21580K [0x0000000082200000, 0x0000000087480000, 0x00000000d6100000)
  object space 84480K, 25% used [0x0000000082200000,0x00000000837130c0,0x0000000087480000)
 Metaspace       used 28715K, capacity 30080K, committed 30208K, reserved 1075200K
  class space    used 3927K, capacity 4225K, committed 4352K, reserved 1048576K
GC Heap History (10 events):
Event: 2.891 GC heap before
{Heap before GC invocations=2 (full 0):
 PSYoungGen      total 37888K, used 37034K [0x00000000d6100000, 0x00000000d8b00000, 0x0000000100000000)
  eden space 32768K, 99% used [0x00000000d6100000,0x00000000d80f29d8,0x00000000d8100000)
  from space 5120K, 84% used [0x00000000d8100000,0x00000000d8538040,0x00000000d8600000)
  to   space 5120K, 0% used [0x00000000d8600000,0x00000000d8600000,0x00000000d8b00000)
 ParOldGen       total 86016K, used 80K [0x0000000082200000, 0x0000000087600000, 0x00000000d6100000)
  object space 86016K, 0% used [0x0000000082200000,0x0000000082214010,0x0000000087600000)
 Metaspace       used 16118K, capacity 16714K, committed 17024K, reserved 1064960K
  class space    used 2152K, capacity 2320K, committed 2432K, reserved 1048576K
Event: 2.900 GC heap after
Heap after GC invocations=2 (full 0):
 PSYoungGen      total 37888K, used 5090K [0x00000000d6100000, 0x00000000d8b00000, 0x0000000100000000)
  eden space 32768K, 0% used [0x00000000d6100000,0x00000000d6100000,0x00000000d8100000)
  from space 5120K, 99% used [0x00000000d8600000,0x00000000d8af8880,0x00000000d8b00000)
  to   space 5120K, 0% used [0x00000000d8100000,0x00000000d8100000,0x00000000d8600000)
 ParOldGen       total 86016K, used 1626K [0x0000000082200000, 0x0000000087600000, 0x00000000d6100000)
  object space 86016K, 1% used [0x0000000082200000,0x0000000082396828,0x0000000087600000)
 Metaspace       used 16118K, capacity 16714K, committed 17024K, reserved 1064960K
  class space    used 2152K, capacity 2320K, committed 2432K, reserved 1048576K
}
Event: 4.836 GC heap before
{Heap before GC invocations=3 (full 0):
 PSYoungGen      total 37888K, used 31843K [0x00000000d6100000, 0x00000000d8b00000, 0x0000000100000000)
  eden space 32768K, 81% used [0x00000000d6100000,0x00000000d7b203d0,0x00000000d8100000)
  from space 5120K, 99% used [0x00000000d8600000,0x00000000d8af8880,0x00000000d8b00000)
  to   space 5120K, 0% used [0x00000000d8100000,0x00000000d8100000,0x00000000d8600000)
 ParOldGen       total 86016K, used 1626K [0x0000000082200000, 0x0000000087600000, 0x00000000d6100000)
  object space 86016K, 1% used [0x0000000082200000,0x0000000082396828,0x0000000087600000)
 Metaspace       used 20289K, capacity 21148K, committed 21248K, reserved 1067008K
  class space    used 2817K, capacity 3029K, committed 3072K, reserved 1048576K
Event: 4.848 GC heap after
Heap after GC invocations=3 (full 0):
 PSYoungGen      total 37888K, used 5088K [0x00000000d6100000, 0x00000000d8b00000, 0x0000000100000000)
  eden space 32768K, 0% used [0x00000000d6100000,0x00000000d6100000,0x00000000d8100000)
  from space 5120K, 99% used [0x00000000d8100000,0x00000000d85f8060,0x00000000d8600000)
  to   space 5120K, 0% used [0x00000000d8600000,0x00000000d8600000,0x00000000d8b00000)
 ParOldGen       total 86016K, used 15876K [0x0000000082200000, 0x0000000087600000, 0x00000000d6100000)
  object space 86016K, 18% used [0x0000000082200000,0x00000000831812e8,0x0000000087600000)
 Metaspace       used 20289K, capacity 21148K, committed 21248K, reserved 1067008K
  class space    used 2817K, capacity 3029K, committed 3072K, reserved 1048576K
}
Event: 4.848 GC heap before
{Heap before GC invocations=4 (full 1):
 PSYoungGen      total 37888K, used 5088K [0x00000000d6100000, 0x00000000d8b00000, 0x0000000100000000)
  eden space 32768K, 0% used [0x00000000d6100000,0x00000000d6100000,0x00000000d8100000)
  from space 5120K, 99% used [0x00000000d8100000,0x00000000d85f8060,0x00000000d8600000)
  to   space 5120K, 0% used [0x00000000d8600000,0x00000000d8600000,0x00000000d8b00000)
 ParOldGen       total 86016K, used 15876K [0x0000000082200000, 0x0000000087600000, 0x00000000d6100000)
  object space 86016K, 18% used [0x0000000082200000,0x00000000831812e8,0x0000000087600000)
 Metaspace       used 20289K, capacity 21148K, committed 21248K, reserved 1067008K
  class space    used 2817K, capacity 3029K, committed 3072K, reserved 1048576K
Event: 4.894 GC heap after
Heap after GC invocations=4 (full 1):
 PSYoungGen      total 37888K, used 0K [0x00000000d6100000, 0x00000000d8b00000, 0x0000000100000000)
  eden space 32768K, 0% used [0x00000000d6100000,0x00000000d6100000,0x00000000d8100000)
  from space 5120K, 0% used [0x00000000d8100000,0x00000000d8100000,0x00000000d8600000)
  to   space 5120K, 0% used [0x00000000d8600000,0x00000000d8600000,0x00000000d8b00000)
 ParOldGen       total 84480K, used 18668K [0x0000000082200000, 0x0000000087480000, 0x00000000d6100000)
  object space 84480K, 22% used [0x0000000082200000,0x000000008343b0a0,0x0000000087480000)
 Metaspace       used 20289K, capacity 21148K, committed 21248K, reserved 1067008K
  class space    used 2817K, capacity 3029K, committed 3072K, reserved 1048576K
}
Event: 8.298 GC heap before
{Heap before GC invocations=5 (full 1):
 PSYoungGen      total 37888K, used 32768K [0x00000000d6100000, 0x00000000d8b00000, 0x0000000100000000)
  eden space 32768K, 100% used [0x00000000d6100000,0x00000000d8100000,0x00000000d8100000)
  from space 5120K, 0% used [0x00000000d8100000,0x00000000d8100000,0x00000000d8600000)
  to   space 5120K, 0% used [0x00000000d8600000,0x00000000d8600000,0x00000000d8b00000)
 ParOldGen       total 84480K, used 18668K [0x0000000082200000, 0x0000000087480000, 0x00000000d6100000)
  object space 84480K, 22% used [0x0000000082200000,0x000000008343b0a0,0x0000000087480000)
 Metaspace       used 28071K, capacity 29396K, committed 29568K, reserved 1075200K
  class space    used 3913K, capacity 4191K, committed 4224K, reserved 1048576K
Event: 8.318 GC heap after
Heap after GC invocations=5 (full 1):
 PSYoungGen      total 37888K, used 5118K [0x00000000d6100000, 0x00000000d9980000, 0x0000000100000000)
  eden space 32768K, 0% used [0x00000000d6100000,0x00000000d6100000,0x00000000d8100000)
  from space 5120K, 99% used [0x00000000d8600000,0x00000000d8affad0,0x00000000d8b00000)
  to   space 5120K, 0% used [0x00000000d8100000,0x00000000d8100000,0x00000000d8600000)
 ParOldGen       total 84480K, used 21204K [0x0000000082200000, 0x0000000087480000, 0x00000000d6100000)
  object space 84480K, 25% used [0x0000000082200000,0x00000000836b50c0,0x0000000087480000)
 Metaspace       used 28071K, capacity 29396K, committed 29568K, reserved 1075200K
  class space    used 3913K, capacity 4191K, committed 4224K, reserved 1048576K
}
Event: 17.429 GC heap before
{Heap before GC invocations=6 (full 1):
 PSYoungGen      total 37888K, used 37886K [0x00000000d6100000, 0x00000000d9980000, 0x0000000100000000)
  eden space 32768K, 100% used [0x00000000d6100000,0x00000000d8100000,0x00000000d8100000)
  from space 5120K, 99% used [0x00000000d8600000,0x00000000d8affad0,0x00000000d8b00000)
  to   space 5120K, 0% used [0x00000000d8100000,0x00000000d8100000,0x00000000d8600000)
 ParOldGen       total 84480K, used 21204K [0x0000000082200000, 0x0000000087480000, 0x00000000d6100000)
  object space 84480K, 25% used [0x0000000082200000,0x00000000836b50c0,0x0000000087480000)
 Metaspace       used 28629K, capacity 29940K, committed 30080K, reserved 1075200K
  class space    used 3924K, capacity 4223K, committed 4224K, reserved 1048576K
Event: 17.448 GC heap after
Heap after GC invocations=6 (full 1):
 PSYoungGen      total 37888K, used 5118K [0x00000000d6100000, 0x00000000db080000, 0x0000000100000000)
  eden space 32768K, 0% used [0x00000000d6100000,0x00000000d6100000,0x00000000d8100000)
  from space 5120K, 99% used [0x00000000d8100000,0x00000000d85ffad0,0x00000000d8600000)
  to   space 17920K, 0% used [0x00000000d9f00000,0x00000000d9f00000,0x00000000db080000)
 ParOldGen       total 84480K, used 21580K [0x0000000082200000, 0x0000000087480000, 0x00000000d6100000)
  object space 84480K, 25% used [0x0000000082200000,0x00000000837130c0,0x0000000087480000)
 Metaspace       used 28629K, capacity 29940K, committed 30080K, reserved 1075200K
  class space    used 3924K, capacity 4223K, committed 4224K, reserved 1048576K
}

