# JRE version: Java(TM) SE Runtime Environment (8.0_65-b17) (build 1.8.0_65-b17)
# Java VM: Java HotSpot(TM) 64-Bit Server VM (25.65-b01 mixed mode linux-amd64 compressed oops)
Heap:
 PSYoungGen      total 67584K, used 45403K [0x00000000d7f80000, 0x00000000dde00000, 0x0000000100000000)
  eden space 62464K, 64% used [0x00000000d7f80000,0x00000000da6d8e90,0x00000000dbc80000)
  from space 5120K, 99% used [0x00000000dbc80000,0x00000000dc17e100,0x00000000dc180000)
  to   space 11776K, 0% used [0x00000000dd280000,0x00000000dd280000,0x00000000dde00000)
 ParOldGen       total 53760K, used 15397K [0x0000000087e00000, 0x000000008b280000, 0x00000000d7f80000)
  object space 53760K, 28% used [0x0000000087e00000,0x0000000088d09438,0x000000008b280000)
 Metaspace       used 32191K, capacity 33460K, committed 33792K, reserved 1079296K
  class space    used 4221K, capacity 4485K, committed 4608K, reserved 1048576K
GC Heap History (10 events):
Event: 2,129 GC heap before
{Heap before GC invocations=2 (full 0):
 PSYoungGen      total 36352K, used 35812K [0x00000000d7f80000, 0x00000000da800000, 0x0000000100000000)
  eden space 31232K, 100% used [0x00000000d7f80000,0x00000000d9e00000,0x00000000d9e00000)
  from space 5120K, 89% used [0x00000000d9e00000,0x00000000da279028,0x00000000da300000)
  to   space 5120K, 0% used [0x00000000da300000,0x00000000da300000,0x00000000da800000)
 ParOldGen       total 83456K, used 72K [0x0000000087e00000, 0x000000008cf80000, 0x00000000d7f80000)
  object space 83456K, 0% used [0x0000000087e00000,0x0000000087e12010,0x000000008cf80000)
 Metaspace       used 18326K, capacity 18868K, committed 18944K, reserved 1064960K
  class space    used 2333K, capacity 2515K, committed 2560K, reserved 1048576K
Event: 2,135 GC heap after
Heap after GC invocations=2 (full 0):
 PSYoungGen      total 36352K, used 5106K [0x00000000d7f80000, 0x00000000da800000, 0x0000000100000000)
  eden space 31232K, 0% used [0x00000000d7f80000,0x00000000d7f80000,0x00000000d9e00000)
  from space 5120K, 99% used [0x00000000da300000,0x00000000da7fc810,0x00000000da800000)
  to   space 5120K, 0% used [0x00000000d9e00000,0x00000000d9e00000,0x00000000da300000)
 ParOldGen       total 83456K, used 1149K [0x0000000087e00000, 0x000000008cf80000, 0x00000000d7f80000)
  object space 83456K, 1% used [0x0000000087e00000,0x0000000087f1f408,0x000000008cf80000)
 Metaspace       used 18326K, capacity 18868K, committed 18944K, reserved 1064960K
  class space    used 2333K, capacity 2515K, committed 2560K, reserved 1048576K
}
Event: 2,318 GC heap before
{Heap before GC invocations=3 (full 0):
 PSYoungGen      total 36352K, used 14164K [0x00000000d7f80000, 0x00000000da800000, 0x0000000100000000)
  eden space 31232K, 29% used [0x00000000d7f80000,0x00000000d8858a00,0x00000000d9e00000)
  from space 5120K, 99% used [0x00000000da300000,0x00000000da7fc810,0x00000000da800000)
  to   space 5120K, 0% used [0x00000000d9e00000,0x00000000d9e00000,0x00000000da300000)
 ParOldGen       total 83456K, used 1149K [0x0000000087e00000, 0x000000008cf80000, 0x00000000d7f80000)
  object space 83456K, 1% used [0x0000000087e00000,0x0000000087f1f408,0x000000008cf80000)
 Metaspace       used 20647K, capacity 21178K, committed 21248K, reserved 1067008K
  class space    used 2602K, capacity 2772K, committed 2816K, reserved 1048576K
Event: 2,325 GC heap after
Heap after GC invocations=3 (full 0):
 PSYoungGen      total 36352K, used 5109K [0x00000000d7f80000, 0x00000000dc680000, 0x0000000100000000)
  eden space 31232K, 0% used [0x00000000d7f80000,0x00000000d7f80000,0x00000000d9e00000)
  from space 5120K, 99% used [0x00000000d9e00000,0x00000000da2fd790,0x00000000da300000)
  to   space 5120K, 0% used [0x00000000dc180000,0x00000000dc180000,0x00000000dc680000)
 ParOldGen       total 83456K, used 2817K [0x0000000087e00000, 0x000000008cf80000, 0x00000000d7f80000)
  object space 83456K, 3% used [0x0000000087e00000,0x00000000880c0618,0x000000008cf80000)
 Metaspace       used 20647K, capacity 21178K, committed 21248K, reserved 1067008K
  class space    used 2602K, capacity 2772K, committed 2816K, reserved 1048576K
}
Event: 2,325 GC heap before
{Heap before GC invocations=4 (full 1):
 PSYoungGen      total 36352K, used 5109K [0x00000000d7f80000, 0x00000000dc680000, 0x0000000100000000)
  eden space 31232K, 0% used [0x00000000d7f80000,0x00000000d7f80000,0x00000000d9e00000)
  from space 5120K, 99% used [0x00000000d9e00000,0x00000000da2fd790,0x00000000da300000)
  to   space 5120K, 0% used [0x00000000dc180000,0x00000000dc180000,0x00000000dc680000)
 ParOldGen       total 83456K, used 2817K [0x0000000087e00000, 0x000000008cf80000, 0x00000000d7f80000)
  object space 83456K, 3% used [0x0000000087e00000,0x00000000880c0618,0x000000008cf80000)
 Metaspace       used 20647K, capacity 21178K, committed 21248K, reserved 1067008K
  class space    used 2602K, capacity 2772K, committed 2816K, reserved 1048576K
Event: 2,357 GC heap after
Heap after GC invocations=4 (full 1):
 PSYoungGen      total 36352K, used 0K [0x00000000d7f80000, 0x00000000dc680000, 0x0000000100000000)
  eden space 31232K, 0% used [0x00000000d7f80000,0x00000000d7f80000,0x00000000d9e00000)
  from space 5120K, 0% used [0x00000000d9e00000,0x00000000d9e00000,0x00000000da300000)
  to   space 5120K, 0% used [0x00000000dc180000,0x00000000dc180000,0x00000000dc680000)
 ParOldGen       total 53760K, used 6938K [0x0000000087e00000, 0x000000008b280000, 0x00000000d7f80000)
  object space 53760K, 12% used [0x0000000087e00000,0x00000000884c6a40,0x000000008b280000)
 Metaspace       used 20647K, capacity 21178K, committed 21248K, reserved 1067008K
  class space    used 2602K, capacity 2772K, committed 2816K, reserved 1048576K
}
Event: 3,624 GC heap before
{Heap before GC invocations=5 (full 1):
 PSYoungGen      total 36352K, used 30737K [0x00000000d7f80000, 0x00000000dc680000, 0x0000000100000000)
  eden space 31232K, 98% used [0x00000000d7f80000,0x00000000d9d84600,0x00000000d9e00000)
  from space 5120K, 0% used [0x00000000d9e00000,0x00000000d9e00000,0x00000000da300000)
  to   space 5120K, 0% used [0x00000000dc180000,0x00000000dc180000,0x00000000dc680000)
 ParOldGen       total 53760K, used 6938K [0x0000000087e00000, 0x000000008b280000, 0x00000000d7f80000)
  object space 53760K, 12% used [0x0000000087e00000,0x00000000884c6a40,0x000000008b280000)
 Metaspace       used 23935K, capacity 24462K, committed 24704K, reserved 1071104K
  class space    used 2933K, capacity 3080K, committed 3200K, reserved 1048576K
Event: 3,631 GC heap after
Heap after GC invocations=5 (full 1):
 PSYoungGen      total 53248K, used 5100K [0x00000000d7f80000, 0x00000000dc680000, 0x0000000100000000)
  eden space 48128K, 0% used [0x00000000d7f80000,0x00000000d7f80000,0x00000000dae80000)
  from space 5120K, 99% used [0x00000000dc180000,0x00000000dc67b2b8,0x00000000dc680000)
  to   space 5120K, 0% used [0x00000000dbc80000,0x00000000dbc80000,0x00000000dc180000)
 ParOldGen       total 53760K, used 9767K [0x0000000087e00000, 0x000000008b280000, 0x00000000d7f80000)
  object space 53760K, 18% used [0x0000000087e00000,0x0000000088789c30,0x000000008b280000)
 Metaspace       used 23935K, capacity 24462K, committed 24704K, reserved 1071104K
  class space    used 2933K, capacity 3080K, committed 3200K, reserved 1048576K
}
Event: 4,154 GC heap before
{Heap before GC invocations=6 (full 1):
 PSYoungGen      total 53248K, used 51841K [0x00000000d7f80000, 0x00000000dc680000, 0x0000000100000000)
  eden space 48128K, 97% used [0x00000000d7f80000,0x00000000dad251a8,0x00000000dae80000)
  from space 5120K, 99% used [0x00000000dc180000,0x00000000dc67b2b8,0x00000000dc680000)
  to   space 5120K, 0% used [0x00000000dbc80000,0x00000000dbc80000,0x00000000dc180000)
 ParOldGen       total 53760K, used 9767K [0x0000000087e00000, 0x000000008b280000, 0x00000000d7f80000)
  object space 53760K, 18% used [0x0000000087e00000,0x0000000088789c30,0x000000008b280000)
 Metaspace       used 26518K, capacity 27226K, committed 27520K, reserved 1073152K
  class space    used 3399K, capacity 3590K, committed 3712K, reserved 1048576K
Event: 4,160 GC heap after
Heap after GC invocations=6 (full 1):
 PSYoungGen      total 67584K, used 5112K [0x00000000d7f80000, 0x00000000dde00000, 0x0000000100000000)
  eden space 62464K, 0% used [0x00000000d7f80000,0x00000000d7f80000,0x00000000dbc80000)
  from space 5120K, 99% used [0x00000000dbc80000,0x00000000dc17e100,0x00000000dc180000)
  to   space 11776K, 0% used [0x00000000dd280000,0x00000000dd280000,0x00000000dde00000)
 ParOldGen       total 53760K, used 15397K [0x0000000087e00000, 0x000000008b280000, 0x00000000d7f80000)
  object space 53760K, 28% used [0x0000000087e00000,0x0000000088d09438,0x000000008b280000)
 Metaspace       used 26518K, capacity 27226K, committed 27520K, reserved 1073152K
  class space    used 3399K, capacity 3590K, committed 3712K, reserved 1048576K
}

