# JRE version: Java(TM) SE Runtime Environment (8.0_66-b18) (build 1.8.0_66-b18)
# Java VM: Java HotSpot(TM) 64-Bit Server VM (25.66-b18 mixed mode windows-amd64 compressed oops)
Heap:
 PSYoungGen      total 70656K, used 52200K [0x00000000d6100000, 0x00000000de500000, 0x0000000100000000)
  eden space 65536K, 71% used [0x00000000d6100000,0x00000000d8efa5a0,0x00000000da100000)
  from space 5120K, 99% used [0x00000000da100000,0x00000000da5ffae0,0x00000000da600000)
  to   space 14336K, 0% used [0x00000000dd700000,0x00000000dd700000,0x00000000de500000)
 ParOldGen       total 69120K, used 23773K [0x0000000082200000, 0x0000000086580000, 0x00000000d6100000)
  object space 69120K, 34% used [0x0000000082200000,0x0000000083937600,0x0000000086580000)
 Metaspace       used 29368K, capacity 30896K, committed 31104K, reserved 1075200K
  class space    used 4061K, capacity 4367K, committed 4480K, reserved 1048576K
GC Heap History (10 events):
Event: 2.955 GC heap before
{Heap before GC invocations=2 (full 0):
 PSYoungGen      total 37888K, used 37056K [0x00000000d6100000, 0x00000000d8b00000, 0x0000000100000000)
  eden space 32768K, 100% used [0x00000000d6100000,0x00000000d8100000,0x00000000d8100000)
  from space 5120K, 83% used [0x00000000d8100000,0x00000000d8530040,0x00000000d8600000)
  to   space 5120K, 0% used [0x00000000d8600000,0x00000000d8600000,0x00000000d8b00000)
 ParOldGen       total 86016K, used 80K [0x0000000082200000, 0x0000000087600000, 0x00000000d6100000)
  object space 86016K, 0% used [0x0000000082200000,0x0000000082214010,0x0000000087600000)
 Metaspace       used 16031K, capacity 16698K, committed 16896K, reserved 1064960K
  class space    used 2118K, capacity 2280K, committed 2304K, reserved 1048576K
Event: 2.963 GC heap after
Heap after GC invocations=2 (full 0):
 PSYoungGen      total 37888K, used 5090K [0x00000000d6100000, 0x00000000d8b00000, 0x0000000100000000)
  eden space 32768K, 0% used [0x00000000d6100000,0x00000000d6100000,0x00000000d8100000)
  from space 5120K, 99% used [0x00000000d8600000,0x00000000d8af8840,0x00000000d8b00000)
  to   space 5120K, 0% used [0x00000000d8100000,0x00000000d8100000,0x00000000d8600000)
 ParOldGen       total 86016K, used 1333K [0x0000000082200000, 0x0000000087600000, 0x00000000d6100000)
  object space 86016K, 1% used [0x0000000082200000,0x000000008234d418,0x0000000087600000)
 Metaspace       used 16031K, capacity 16698K, committed 16896K, reserved 1064960K
  class space    used 2118K, capacity 2280K, committed 2304K, reserved 1048576K
}
Event: 3.539 GC heap before
{Heap before GC invocations=3 (full 0):
 PSYoungGen      total 37888K, used 37858K [0x00000000d6100000, 0x00000000d8b00000, 0x0000000100000000)
  eden space 32768K, 100% used [0x00000000d6100000,0x00000000d8100000,0x00000000d8100000)
  from space 5120K, 99% used [0x00000000d8600000,0x00000000d8af8840,0x00000000d8b00000)
  to   space 5120K, 0% used [0x00000000d8100000,0x00000000d8100000,0x00000000d8600000)
 ParOldGen       total 86016K, used 1333K [0x0000000082200000, 0x0000000087600000, 0x00000000d6100000)
  object space 86016K, 1% used [0x0000000082200000,0x000000008234d418,0x0000000087600000)
 Metaspace       used 19244K, capacity 20112K, committed 20352K, reserved 1067008K
  class space    used 2677K, capacity 2877K, committed 2944K, reserved 1048576K
Event: 3.586 GC heap after
Heap after GC invocations=3 (full 0):
 PSYoungGen      total 37888K, used 5089K [0x00000000d6100000, 0x00000000dab00000, 0x0000000100000000)
  eden space 32768K, 0% used [0x00000000d6100000,0x00000000d6100000,0x00000000d8100000)
  from space 5120K, 99% used [0x00000000d8100000,0x00000000d85f8680,0x00000000d8600000)
  to   space 5120K, 0% used [0x00000000da600000,0x00000000da600000,0x00000000dab00000)
 ParOldGen       total 86016K, used 8990K [0x0000000082200000, 0x0000000087600000, 0x00000000d6100000)
  object space 86016K, 10% used [0x0000000082200000,0x0000000082ac7a78,0x0000000087600000)
 Metaspace       used 19244K, capacity 20112K, committed 20352K, reserved 1067008K
  class space    used 2677K, capacity 2877K, committed 2944K, reserved 1048576K
}
Event: 8.401 GC heap before
{Heap before GC invocations=4 (full 0):
 PSYoungGen      total 37888K, used 17684K [0x00000000d6100000, 0x00000000dab00000, 0x0000000100000000)
  eden space 32768K, 38% used [0x00000000d6100000,0x00000000d6d4cd10,0x00000000d8100000)
  from space 5120K, 99% used [0x00000000d8100000,0x00000000d85f8680,0x00000000d8600000)
  to   space 5120K, 0% used [0x00000000da600000,0x00000000da600000,0x00000000dab00000)
 ParOldGen       total 86016K, used 8990K [0x0000000082200000, 0x0000000087600000, 0x00000000d6100000)
  object space 86016K, 10% used [0x0000000082200000,0x0000000082ac7a78,0x0000000087600000)
 Metaspace       used 20268K, capacity 21120K, committed 21248K, reserved 1067008K
  class space    used 2775K, capacity 2969K, committed 3072K, reserved 1048576K
Event: 8.411 GC heap after
Heap after GC invocations=4 (full 0):
 PSYoungGen      total 70656K, used 5090K [0x00000000d6100000, 0x00000000dab00000, 0x0000000100000000)
  eden space 65536K, 0% used [0x00000000d6100000,0x00000000d6100000,0x00000000da100000)
  from space 5120K, 99% used [0x00000000da600000,0x00000000daaf8810,0x00000000dab00000)
  to   space 5120K, 0% used [0x00000000da100000,0x00000000da100000,0x00000000da600000)
 ParOldGen       total 86016K, used 12878K [0x0000000082200000, 0x0000000087600000, 0x00000000d6100000)
  object space 86016K, 14% used [0x0000000082200000,0x0000000082e93968,0x0000000087600000)
 Metaspace       used 20268K, capacity 21120K, committed 21248K, reserved 1067008K
  class space    used 2775K, capacity 2969K, committed 3072K, reserved 1048576K
}
Event: 8.411 GC heap before
{Heap before GC invocations=5 (full 1):
 PSYoungGen      total 70656K, used 5090K [0x00000000d6100000, 0x00000000dab00000, 0x0000000100000000)
  eden space 65536K, 0% used [0x00000000d6100000,0x00000000d6100000,0x00000000da100000)
  from space 5120K, 99% used [0x00000000da600000,0x00000000daaf8810,0x00000000dab00000)
  to   space 5120K, 0% used [0x00000000da100000,0x00000000da100000,0x00000000da600000)
 ParOldGen       total 86016K, used 12878K [0x0000000082200000, 0x0000000087600000, 0x00000000d6100000)
  object space 86016K, 14% used [0x0000000082200000,0x0000000082e93968,0x0000000087600000)
 Metaspace       used 20268K, capacity 21120K, committed 21248K, reserved 1067008K
  class space    used 2775K, capacity 2969K, committed 3072K, reserved 1048576K
Event: 8.499 GC heap after
Heap after GC invocations=5 (full 1):
 PSYoungGen      total 70656K, used 0K [0x00000000d6100000, 0x00000000dab00000, 0x0000000100000000)
  eden space 65536K, 0% used [0x00000000d6100000,0x00000000d6100000,0x00000000da100000)
  from space 5120K, 0% used [0x00000000da600000,0x00000000da600000,0x00000000dab00000)
  to   space 5120K, 0% used [0x00000000da100000,0x00000000da100000,0x00000000da600000)
 ParOldGen       total 69120K, used 17733K [0x0000000082200000, 0x0000000086580000, 0x00000000d6100000)
  object space 69120K, 25% used [0x0000000082200000,0x00000000833515d0,0x0000000086580000)
 Metaspace       used 20268K, capacity 21120K, committed 21248K, reserved 1067008K
  class space    used 2775K, capacity 2969K, committed 3072K, reserved 1048576K
}
Event: 43.944 GC heap before
{Heap before GC invocations=6 (full 1):
 PSYoungGen      total 70656K, used 65536K [0x00000000d6100000, 0x00000000dab00000, 0x0000000100000000)
  eden space 65536K, 100% used [0x00000000d6100000,0x00000000da100000,0x00000000da100000)
  from space 5120K, 0% used [0x00000000da600000,0x00000000da600000,0x00000000dab00000)
  to   space 5120K, 0% used [0x00000000da100000,0x00000000da100000,0x00000000da600000)
 ParOldGen       total 69120K, used 17733K [0x0000000082200000, 0x0000000086580000, 0x00000000d6100000)
  object space 69120K, 25% used [0x0000000082200000,0x00000000833515d0,0x0000000086580000)
 Metaspace       used 28917K, capacity 30436K, committed 30592K, reserved 1075200K
  class space    used 4046K, capacity 4365K, committed 4480K, reserved 1048576K
Event: 43.965 GC heap after
Heap after GC invocations=6 (full 1):
 PSYoungGen      total 70656K, used 5118K [0x00000000d6100000, 0x00000000de500000, 0x0000000100000000)
  eden space 65536K, 0% used [0x00000000d6100000,0x00000000d6100000,0x00000000da100000)
  from space 5120K, 99% used [0x00000000da100000,0x00000000da5ffae0,0x00000000da600000)
  to   space 14336K, 0% used [0x00000000dd700000,0x00000000dd700000,0x00000000de500000)
 ParOldGen       total 69120K, used 23773K [0x0000000082200000, 0x0000000086580000, 0x00000000d6100000)
  object space 69120K, 34% used [0x0000000082200000,0x0000000083937600,0x0000000086580000)
 Metaspace       used 28917K, capacity 30436K, committed 30592K, reserved 1075200K
  class space    used 4046K, capacity 4365K, committed 4480K, reserved 1048576K
}

