# JRE version: Java(TM) SE Runtime Environment (8.0_65-b17) (build 1.8.0_65-b17)
# Java VM: Java HotSpot(TM) 64-Bit Server VM (25.65-b01 mixed mode linux-amd64 compressed oops)
Heap:
 PSYoungGen      total 67584K, used 40367K [0x00000000d7f80000, 0x00000000de500000, 0x0000000100000000)
  eden space 62464K, 56% used [0x00000000d7f80000,0x00000000da1ed1e0,0x00000000dbc80000)
  from space 5120K, 99% used [0x00000000dbc80000,0x00000000dc17eae0,0x00000000dc180000)
  to   space 11776K, 0% used [0x00000000dd980000,0x00000000dd980000,0x00000000de500000)
 ParOldGen       total 51712K, used 15397K [0x0000000087e00000, 0x000000008b080000, 0x00000000d7f80000)
  object space 51712K, 29% used [0x0000000087e00000,0x0000000088d095e8,0x000000008b080000)
 Metaspace       used 32054K, capacity 33250K, committed 33536K, reserved 1079296K
  class space    used 4219K, capacity 4484K, committed 4608K, reserved 1048576K
GC Heap History (10 events):
Event: 1,857 GC heap before
{Heap before GC invocations=2 (full 0):
 PSYoungGen      total 36352K, used 35673K [0x00000000d7f80000, 0x00000000da800000, 0x0000000100000000)
  eden space 31232K, 100% used [0x00000000d7f80000,0x00000000d9e00000,0x00000000d9e00000)
  from space 5120K, 86% used [0x00000000d9e00000,0x00000000da256488,0x00000000da300000)
  to   space 5120K, 0% used [0x00000000da300000,0x00000000da300000,0x00000000da800000)
 ParOldGen       total 83456K, used 72K [0x0000000087e00000, 0x000000008cf80000, 0x00000000d7f80000)
  object space 83456K, 0% used [0x0000000087e00000,0x0000000087e12010,0x000000008cf80000)
 Metaspace       used 18107K, capacity 18612K, committed 18944K, reserved 1064960K
  class space    used 2308K, capacity 2451K, committed 2560K, reserved 1048576K
Event: 1,865 GC heap after
Heap after GC invocations=2 (full 0):
 PSYoungGen      total 36352K, used 5105K [0x00000000d7f80000, 0x00000000da800000, 0x0000000100000000)
  eden space 31232K, 0% used [0x00000000d7f80000,0x00000000d7f80000,0x00000000d9e00000)
  from space 5120K, 99% used [0x00000000da300000,0x00000000da7fc7f0,0x00000000da800000)
  to   space 5120K, 0% used [0x00000000d9e00000,0x00000000d9e00000,0x00000000da300000)
 ParOldGen       total 83456K, used 927K [0x0000000087e00000, 0x000000008cf80000, 0x00000000d7f80000)
  object space 83456K, 1% used [0x0000000087e00000,0x0000000087ee7c68,0x000000008cf80000)
 Metaspace       used 18107K, capacity 18612K, committed 18944K, reserved 1064960K
  class space    used 2308K, capacity 2451K, committed 2560K, reserved 1048576K
}
Event: 2,034 GC heap before
{Heap before GC invocations=3 (full 0):
 PSYoungGen      total 36352K, used 15285K [0x00000000d7f80000, 0x00000000da800000, 0x0000000100000000)
  eden space 31232K, 32% used [0x00000000d7f80000,0x00000000d8970fa8,0x00000000d9e00000)
  from space 5120K, 99% used [0x00000000da300000,0x00000000da7fc7f0,0x00000000da800000)
  to   space 5120K, 0% used [0x00000000d9e00000,0x00000000d9e00000,0x00000000da300000)
 ParOldGen       total 83456K, used 927K [0x0000000087e00000, 0x000000008cf80000, 0x00000000d7f80000)
  object space 83456K, 1% used [0x0000000087e00000,0x0000000087ee7c68,0x000000008cf80000)
 Metaspace       used 20644K, capacity 21178K, committed 21248K, reserved 1067008K
  class space    used 2600K, capacity 2772K, committed 2816K, reserved 1048576K
Event: 2,048 GC heap after
Heap after GC invocations=3 (full 0):
 PSYoungGen      total 36352K, used 5109K [0x00000000d7f80000, 0x00000000dc680000, 0x0000000100000000)
  eden space 31232K, 0% used [0x00000000d7f80000,0x00000000d7f80000,0x00000000d9e00000)
  from space 5120K, 99% used [0x00000000d9e00000,0x00000000da2fd770,0x00000000da300000)
  to   space 5120K, 0% used [0x00000000dc180000,0x00000000dc180000,0x00000000dc680000)
 ParOldGen       total 83456K, used 2852K [0x0000000087e00000, 0x000000008cf80000, 0x00000000d7f80000)
  object space 83456K, 3% used [0x0000000087e00000,0x00000000880c9188,0x000000008cf80000)
 Metaspace       used 20644K, capacity 21178K, committed 21248K, reserved 1067008K
  class space    used 2600K, capacity 2772K, committed 2816K, reserved 1048576K
}
Event: 2,048 GC heap before
{Heap before GC invocations=4 (full 1):
 PSYoungGen      total 36352K, used 5109K [0x00000000d7f80000, 0x00000000dc680000, 0x0000000100000000)
  eden space 31232K, 0% used [0x00000000d7f80000,0x00000000d7f80000,0x00000000d9e00000)
  from space 5120K, 99% used [0x00000000d9e00000,0x00000000da2fd770,0x00000000da300000)
  to   space 5120K, 0% used [0x00000000dc180000,0x00000000dc180000,0x00000000dc680000)
 ParOldGen       total 83456K, used 2852K [0x0000000087e00000, 0x000000008cf80000, 0x00000000d7f80000)
  object space 83456K, 3% used [0x0000000087e00000,0x00000000880c9188,0x000000008cf80000)
 Metaspace       used 20644K, capacity 21178K, committed 21248K, reserved 1067008K
  class space    used 2600K, capacity 2772K, committed 2816K, reserved 1048576K
Event: 2,079 GC heap after
Heap after GC invocations=4 (full 1):
 PSYoungGen      total 36352K, used 0K [0x00000000d7f80000, 0x00000000dc680000, 0x0000000100000000)
  eden space 31232K, 0% used [0x00000000d7f80000,0x00000000d7f80000,0x00000000d9e00000)
  from space 5120K, 0% used [0x00000000d9e00000,0x00000000d9e00000,0x00000000da300000)
  to   space 5120K, 0% used [0x00000000dc180000,0x00000000dc180000,0x00000000dc680000)
 ParOldGen       total 51712K, used 7109K [0x0000000087e00000, 0x000000008b080000, 0x00000000d7f80000)
  object space 51712K, 13% used [0x0000000087e00000,0x00000000884f15d0,0x000000008b080000)
 Metaspace       used 20644K, capacity 21178K, committed 21248K, reserved 1067008K
  class space    used 2600K, capacity 2772K, committed 2816K, reserved 1048576K
}
Event: 3,410 GC heap before
{Heap before GC invocations=5 (full 1):
 PSYoungGen      total 36352K, used 30589K [0x00000000d7f80000, 0x00000000dc680000, 0x0000000100000000)
  eden space 31232K, 97% used [0x00000000d7f80000,0x00000000d9d5f6a0,0x00000000d9e00000)
  from space 5120K, 0% used [0x00000000d9e00000,0x00000000d9e00000,0x00000000da300000)
  to   space 5120K, 0% used [0x00000000dc180000,0x00000000dc180000,0x00000000dc680000)
 ParOldGen       total 51712K, used 7109K [0x0000000087e00000, 0x000000008b080000, 0x00000000d7f80000)
  object space 51712K, 13% used [0x0000000087e00000,0x00000000884f15d0,0x000000008b080000)
 Metaspace       used 23995K, capacity 24590K, committed 24960K, reserved 1071104K
  class space    used 2934K, capacity 3080K, committed 3200K, reserved 1048576K
Event: 3,416 GC heap after
Heap after GC invocations=5 (full 1):
 PSYoungGen      total 55808K, used 5103K [0x00000000d7f80000, 0x00000000dc680000, 0x0000000100000000)
  eden space 50688K, 0% used [0x00000000d7f80000,0x00000000d7f80000,0x00000000db100000)
  from space 5120K, 99% used [0x00000000dc180000,0x00000000dc67bf08,0x00000000dc680000)
  to   space 5120K, 0% used [0x00000000dbc80000,0x00000000dbc80000,0x00000000dc180000)
 ParOldGen       total 51712K, used 9905K [0x0000000087e00000, 0x000000008b080000, 0x00000000d7f80000)
  object space 51712K, 19% used [0x0000000087e00000,0x00000000887ac5c8,0x000000008b080000)
 Metaspace       used 23995K, capacity 24590K, committed 24960K, reserved 1071104K
  class space    used 2934K, capacity 3080K, committed 3200K, reserved 1048576K
}
Event: 3,927 GC heap before
{Heap before GC invocations=6 (full 1):
 PSYoungGen      total 55808K, used 52065K [0x00000000d7f80000, 0x00000000dc680000, 0x0000000100000000)
  eden space 50688K, 92% used [0x00000000d7f80000,0x00000000dad5c838,0x00000000db100000)
  from space 5120K, 99% used [0x00000000dc180000,0x00000000dc67bf08,0x00000000dc680000)
  to   space 5120K, 0% used [0x00000000dbc80000,0x00000000dbc80000,0x00000000dc180000)
 ParOldGen       total 51712K, used 9905K [0x0000000087e00000, 0x000000008b080000, 0x00000000d7f80000)
  object space 51712K, 19% used [0x0000000087e00000,0x00000000887ac5c8,0x000000008b080000)
 Metaspace       used 26543K, capacity 27286K, committed 27520K, reserved 1073152K
  class space    used 3402K, capacity 3590K, committed 3712K, reserved 1048576K
Event: 3,933 GC heap after
Heap after GC invocations=6 (full 1):
 PSYoungGen      total 67584K, used 5114K [0x00000000d7f80000, 0x00000000de500000, 0x0000000100000000)
  eden space 62464K, 0% used [0x00000000d7f80000,0x00000000d7f80000,0x00000000dbc80000)
  from space 5120K, 99% used [0x00000000dbc80000,0x00000000dc17eae0,0x00000000dc180000)
  to   space 11776K, 0% used [0x00000000dd980000,0x00000000dd980000,0x00000000de500000)
 ParOldGen       total 51712K, used 15397K [0x0000000087e00000, 0x000000008b080000, 0x00000000d7f80000)
  object space 51712K, 29% used [0x0000000087e00000,0x0000000088d095e8,0x000000008b080000)
 Metaspace       used 26543K, capacity 27286K, committed 27520K, reserved 1073152K
  class space    used 3402K, capacity 3590K, committed 3712K, reserved 1048576K
}

