# JRE version: Java(TM) SE Runtime Environment (8.0_66-b18) (build 1.8.0_66-b18)
# Java VM: Java HotSpot(TM) 64-Bit Server VM (25.66-b18 mixed mode windows-amd64 compressed oops)
Heap:
 PSYoungGen      total 72704K, used 54677K [0x00000000d6100000, 0x00000000dc780000, 0x0000000100000000)
  eden space 61440K, 78% used [0x00000000d6100000,0x00000000d9009698,0x00000000d9d00000)
  from space 11264K, 57% used [0x00000000d9d00000,0x00000000da35c020,0x00000000da800000)
  to   space 11264K, 0% used [0x00000000dbc80000,0x00000000dbc80000,0x00000000dc780000)
 ParOldGen       total 79360K, used 21112K [0x0000000082200000, 0x0000000086f80000, 0x00000000d6100000)
  object space 79360K, 26% used [0x0000000082200000,0x000000008369e0e0,0x0000000086f80000)
 Metaspace       used 30584K, capacity 32210K, committed 32512K, reserved 1077248K
  class space    used 4205K, capacity 4526K, committed 4608K, reserved 1048576K
GC Heap History (10 events):
Event: 308.606 GC heap before
{Heap before GC invocations=8 (full 1):
 PSYoungGen      total 44032K, used 37856K [0x00000000d6100000, 0x00000000d9a00000, 0x0000000100000000)
  eden space 31744K, 100% used [0x00000000d6100000,0x00000000d8000000,0x00000000d8000000)
  from space 12288K, 49% used [0x00000000d8e00000,0x00000000d93f8010,0x00000000d9a00000)
  to   space 13312K, 0% used [0x00000000d8000000,0x00000000d8000000,0x00000000d8d00000)
 ParOldGen       total 79360K, used 21072K [0x0000000082200000, 0x0000000086f80000, 0x00000000d6100000)
  object space 79360K, 26% used [0x0000000082200000,0x00000000836940e0,0x0000000086f80000)
 Metaspace       used 30302K, capacity 31942K, committed 32256K, reserved 1077248K
  class space    used 4192K, capacity 4524K, committed 4608K, reserved 1048576K
Event: 308.619 GC heap after
Heap after GC invocations=8 (full 1):
 PSYoungGen      total 45056K, used 6160K [0x00000000d6100000, 0x00000000da600000, 0x0000000100000000)
  eden space 31744K, 0% used [0x00000000d6100000,0x00000000d6100000,0x00000000d8000000)
  from space 13312K, 46% used [0x00000000d8000000,0x00000000d8604020,0x00000000d8d00000)
  to   space 12800K, 0% used [0x00000000d9980000,0x00000000d9980000,0x00000000da600000)
 ParOldGen       total 79360K, used 21080K [0x0000000082200000, 0x0000000086f80000, 0x00000000d6100000)
  object space 79360K, 26% used [0x0000000082200000,0x00000000836960e0,0x0000000086f80000)
 Metaspace       used 30302K, capacity 31942K, committed 32256K, reserved 1077248K
  class space    used 4192K, capacity 4524K, committed 4608K, reserved 1048576K
}
Event: 308.889 GC heap before
{Heap before GC invocations=9 (full 1):
 PSYoungGen      total 45056K, used 37904K [0x00000000d6100000, 0x00000000da600000, 0x0000000100000000)
  eden space 31744K, 100% used [0x00000000d6100000,0x00000000d8000000,0x00000000d8000000)
  from space 13312K, 46% used [0x00000000d8000000,0x00000000d8604020,0x00000000d8d00000)
  to   space 12800K, 0% used [0x00000000d9980000,0x00000000d9980000,0x00000000da600000)
 ParOldGen       total 79360K, used 21080K [0x0000000082200000, 0x0000000086f80000, 0x00000000d6100000)
  object space 79360K, 26% used [0x0000000082200000,0x00000000836960e0,0x0000000086f80000)
 Metaspace       used 30363K, capacity 32006K, committed 32256K, reserved 1077248K
  class space    used 4192K, capacity 4524K, committed 4608K, reserved 1048576K
Event: 308.902 GC heap after
Heap after GC invocations=9 (full 1):
 PSYoungGen      total 58368K, used 6144K [0x00000000d6100000, 0x00000000daa80000, 0x0000000100000000)
  eden space 45568K, 0% used [0x00000000d6100000,0x00000000d6100000,0x00000000d8d80000)
  from space 12800K, 48% used [0x00000000d9980000,0x00000000d9f80010,0x00000000da600000)
  to   space 12288K, 0% used [0x00000000d8d80000,0x00000000d8d80000,0x00000000d9980000)
 ParOldGen       total 79360K, used 21088K [0x0000000082200000, 0x0000000086f80000, 0x00000000d6100000)
  object space 79360K, 26% used [0x0000000082200000,0x00000000836980e0,0x0000000086f80000)
 Metaspace       used 30363K, capacity 32006K, committed 32256K, reserved 1077248K
  class space    used 4192K, capacity 4524K, committed 4608K, reserved 1048576K
}
Event: 309.483 GC heap before
{Heap before GC invocations=10 (full 1):
 PSYoungGen      total 58368K, used 51712K [0x00000000d6100000, 0x00000000daa80000, 0x0000000100000000)
  eden space 45568K, 100% used [0x00000000d6100000,0x00000000d8d80000,0x00000000d8d80000)
  from space 12800K, 48% used [0x00000000d9980000,0x00000000d9f80010,0x00000000da600000)
  to   space 12288K, 0% used [0x00000000d8d80000,0x00000000d8d80000,0x00000000d9980000)
 ParOldGen       total 79360K, used 21088K [0x0000000082200000, 0x0000000086f80000, 0x00000000d6100000)
  object space 79360K, 26% used [0x0000000082200000,0x00000000836980e0,0x0000000086f80000)
 Metaspace       used 30376K, capacity 32006K, committed 32256K, reserved 1077248K
  class space    used 4192K, capacity 4524K, committed 4608K, reserved 1048576K
Event: 309.497 GC heap after
Heap after GC invocations=10 (full 1):
 PSYoungGen      total 57856K, used 6400K [0x00000000d6100000, 0x00000000db500000, 0x0000000100000000)
  eden space 45568K, 0% used [0x00000000d6100000,0x00000000d6100000,0x00000000d8d80000)
  from space 12288K, 52% used [0x00000000d8d80000,0x00000000d93c0010,0x00000000d9980000)
  to   space 11776K, 0% used [0x00000000da980000,0x00000000da980000,0x00000000db500000)
 ParOldGen       total 79360K, used 21096K [0x0000000082200000, 0x0000000086f80000, 0x00000000d6100000)
  object space 79360K, 26% used [0x0000000082200000,0x000000008369a0e0,0x0000000086f80000)
 Metaspace       used 30376K, capacity 32006K, committed 32256K, reserved 1077248K
  class space    used 4192K, capacity 4524K, committed 4608K, reserved 1048576K
}
Event: 312.180 GC heap before
{Heap before GC invocations=11 (full 1):
 PSYoungGen      total 57856K, used 51968K [0x00000000d6100000, 0x00000000db500000, 0x0000000100000000)
  eden space 45568K, 100% used [0x00000000d6100000,0x00000000d8d80000,0x00000000d8d80000)
  from space 12288K, 52% used [0x00000000d8d80000,0x00000000d93c0010,0x00000000d9980000)
  to   space 11776K, 0% used [0x00000000da980000,0x00000000da980000,0x00000000db500000)
 ParOldGen       total 79360K, used 21096K [0x0000000082200000, 0x0000000086f80000, 0x00000000d6100000)
  object space 79360K, 26% used [0x0000000082200000,0x000000008369a0e0,0x0000000086f80000)
 Metaspace       used 30394K, capacity 32006K, committed 32256K, reserved 1077248K
  class space    used 4192K, capacity 4524K, committed 4608K, reserved 1048576K
Event: 312.194 GC heap after
Heap after GC invocations=11 (full 1):
 PSYoungGen      total 71168K, used 6480K [0x00000000d6100000, 0x00000000db300000, 0x0000000100000000)
  eden space 61440K, 0% used [0x00000000d6100000,0x00000000d6100000,0x00000000d9d00000)
  from space 9728K, 66% used [0x00000000da980000,0x00000000dafd4020,0x00000000db300000)
  to   space 11264K, 0% used [0x00000000d9d00000,0x00000000d9d00000,0x00000000da800000)
 ParOldGen       total 79360K, used 21104K [0x0000000082200000, 0x0000000086f80000, 0x00000000d6100000)
  object space 79360K, 26% used [0x0000000082200000,0x000000008369c0e0,0x0000000086f80000)
 Metaspace       used 30394K, capacity 32006K, committed 32256K, reserved 1077248K
  class space    used 4192K, capacity 4524K, committed 4608K, reserved 1048576K
}
Event: 313.146 GC heap before
{Heap before GC invocations=12 (full 1):
 PSYoungGen      total 71168K, used 67920K [0x00000000d6100000, 0x00000000db300000, 0x0000000100000000)
  eden space 61440K, 100% used [0x00000000d6100000,0x00000000d9d00000,0x00000000d9d00000)
  from space 9728K, 66% used [0x00000000da980000,0x00000000dafd4020,0x00000000db300000)
  to   space 11264K, 0% used [0x00000000d9d00000,0x00000000d9d00000,0x00000000da800000)
 ParOldGen       total 79360K, used 21104K [0x0000000082200000, 0x0000000086f80000, 0x00000000d6100000)
  object space 79360K, 26% used [0x0000000082200000,0x000000008369c0e0,0x0000000086f80000)
 Metaspace       used 30395K, capacity 32006K, committed 32256K, reserved 1077248K
  class space    used 4192K, capacity 4524K, committed 4608K, reserved 1048576K
Event: 313.162 GC heap after
Heap after GC invocations=12 (full 1):
 PSYoungGen      total 72704K, used 6512K [0x00000000d6100000, 0x00000000dc780000, 0x0000000100000000)
  eden space 61440K, 0% used [0x00000000d6100000,0x00000000d6100000,0x00000000d9d00000)
  from space 11264K, 57% used [0x00000000d9d00000,0x00000000da35c020,0x00000000da800000)
  to   space 11264K, 0% used [0x00000000dbc80000,0x00000000dbc80000,0x00000000dc780000)
 ParOldGen       total 79360K, used 21112K [0x0000000082200000, 0x0000000086f80000, 0x00000000d6100000)
  object space 79360K, 26% used [0x0000000082200000,0x000000008369e0e0,0x0000000086f80000)
 Metaspace       used 30395K, capacity 32006K, committed 32256K, reserved 1077248K
  class space    used 4192K, capacity 4524K, committed 4608K, reserved 1048576K
}

