# JRE version: Java(TM) SE Runtime Environment (8.0_65-b17) (build 1.8.0_65-b17)
# Java VM: Java HotSpot(TM) 64-Bit Server VM (25.65-b01 mixed mode linux-amd64 compressed oops)
Heap:
 PSYoungGen      total 36352K, used 24760K [0x00000000d7f80000, 0x00000000daf00000, 0x0000000100000000)
  eden space 31232K, 64% used [0x00000000d7f80000,0x00000000d9343748,0x00000000d9e00000)
  from space 5120K, 88% used [0x00000000da300000,0x00000000da76a980,0x00000000da800000)
  to   space 5120K, 0% used [0x00000000d9e00000,0x00000000d9e00000,0x00000000da300000)
 ParOldGen       total 78336K, used 13092K [0x0000000087e00000, 0x000000008ca80000, 0x00000000d7f80000)
  object space 78336K, 16% used [0x0000000087e00000,0x0000000088ac9338,0x000000008ca80000)
 Metaspace       used 28428K, capacity 29356K, committed 29696K, reserved 1075200K
  class space    used 3784K, capacity 4005K, committed 4096K, reserved 1048576K
GC Heap History (10 events):
Event: 0,891 GC heap before
{Heap before GC invocations=1 (full 0):
 PSYoungGen      total 36352K, used 31232K [0x00000000d7f80000, 0x00000000da800000, 0x0000000100000000)
  eden space 31232K, 100% used [0x00000000d7f80000,0x00000000d9e00000,0x00000000d9e00000)
  from space 5120K, 0% used [0x00000000da300000,0x00000000da300000,0x00000000da800000)
  to   space 5120K, 0% used [0x00000000d9e00000,0x00000000d9e00000,0x00000000da300000)
 ParOldGen       total 83456K, used 0K [0x0000000087e00000, 0x000000008cf80000, 0x00000000d7f80000)
  object space 83456K, 0% used [0x0000000087e00000,0x0000000087e00000,0x000000008cf80000)
 Metaspace       used 11896K, capacity 12408K, committed 12544K, reserved 1060864K
  class space    used 1574K, capacity 1723K, committed 1792K, reserved 1048576K
Event: 0,896 GC heap after
Heap after GC invocations=1 (full 0):
 PSYoungGen      total 36352K, used 3953K [0x00000000d7f80000, 0x00000000da800000, 0x0000000100000000)
  eden space 31232K, 0% used [0x00000000d7f80000,0x00000000d7f80000,0x00000000d9e00000)
  from space 5120K, 77% used [0x00000000d9e00000,0x00000000da1dc7f0,0x00000000da300000)
  to   space 5120K, 0% used [0x00000000da300000,0x00000000da300000,0x00000000da800000)
 ParOldGen       total 83456K, used 80K [0x0000000087e00000, 0x000000008cf80000, 0x00000000d7f80000)
  object space 83456K, 0% used [0x0000000087e00000,0x0000000087e14010,0x000000008cf80000)
 Metaspace       used 11896K, capacity 12408K, committed 12544K, reserved 1060864K
  class space    used 1574K, capacity 1723K, committed 1792K, reserved 1048576K
}
Event: 2,043 GC heap before
{Heap before GC invocations=2 (full 0):
 PSYoungGen      total 36352K, used 35185K [0x00000000d7f80000, 0x00000000da800000, 0x0000000100000000)
  eden space 31232K, 100% used [0x00000000d7f80000,0x00000000d9e00000,0x00000000d9e00000)
  from space 5120K, 77% used [0x00000000d9e00000,0x00000000da1dc7f0,0x00000000da300000)
  to   space 5120K, 0% used [0x00000000da300000,0x00000000da300000,0x00000000da800000)
 ParOldGen       total 83456K, used 80K [0x0000000087e00000, 0x000000008cf80000, 0x00000000d7f80000)
  object space 83456K, 0% used [0x0000000087e00000,0x0000000087e14010,0x000000008cf80000)
 Metaspace       used 18137K, capacity 18692K, committed 18944K, reserved 1064960K
  class space    used 2307K, capacity 2441K, committed 2560K, reserved 1048576K
Event: 2,052 GC heap after
Heap after GC invocations=2 (full 0):
 PSYoungGen      total 36352K, used 5109K [0x00000000d7f80000, 0x00000000da800000, 0x0000000100000000)
  eden space 31232K, 0% used [0x00000000d7f80000,0x00000000d7f80000,0x00000000d9e00000)
  from space 5120K, 99% used [0x00000000da300000,0x00000000da7fd770,0x00000000da800000)
  to   space 5120K, 0% used [0x00000000d9e00000,0x00000000d9e00000,0x00000000da300000)
 ParOldGen       total 83456K, used 4609K [0x0000000087e00000, 0x000000008cf80000, 0x00000000d7f80000)
  object space 83456K, 5% used [0x0000000087e00000,0x0000000088280670,0x000000008cf80000)
 Metaspace       used 18137K, capacity 18692K, committed 18944K, reserved 1064960K
  class space    used 2307K, capacity 2441K, committed 2560K, reserved 1048576K
}
Event: 3,245 GC heap before
{Heap before GC invocations=3 (full 0):
 PSYoungGen      total 36352K, used 27458K [0x00000000d7f80000, 0x00000000da800000, 0x0000000100000000)
  eden space 31232K, 71% used [0x00000000d7f80000,0x00000000d9553258,0x00000000d9e00000)
  from space 5120K, 99% used [0x00000000da300000,0x00000000da7fd770,0x00000000da800000)
  to   space 5120K, 0% used [0x00000000d9e00000,0x00000000d9e00000,0x00000000da300000)
 ParOldGen       total 83456K, used 4609K [0x0000000087e00000, 0x000000008cf80000, 0x00000000d7f80000)
  object space 83456K, 5% used [0x0000000087e00000,0x0000000088280670,0x000000008cf80000)
 Metaspace       used 20602K, capacity 21096K, committed 21296K, reserved 1069056K
  class space    used 2545K, capacity 2677K, committed 2688K, reserved 1048576K
Event: 3,254 GC heap after
Heap after GC invocations=3 (full 0):
 PSYoungGen      total 36352K, used 5100K [0x00000000d7f80000, 0x00000000da800000, 0x0000000100000000)
  eden space 31232K, 0% used [0x00000000d7f80000,0x00000000d7f80000,0x00000000d9e00000)
  from space 5120K, 99% used [0x00000000d9e00000,0x00000000da2fb0f0,0x00000000da300000)
  to   space 5120K, 0% used [0x00000000da300000,0x00000000da300000,0x00000000da800000)
 ParOldGen       total 83456K, used 11229K [0x0000000087e00000, 0x000000008cf80000, 0x00000000d7f80000)
  object space 83456K, 13% used [0x0000000087e00000,0x00000000888f7670,0x000000008cf80000)
 Metaspace       used 20602K, capacity 21096K, committed 21296K, reserved 1069056K
  class space    used 2545K, capacity 2677K, committed 2688K, reserved 1048576K
}
Event: 3,254 GC heap before
{Heap before GC invocations=4 (full 1):
 PSYoungGen      total 36352K, used 5100K [0x00000000d7f80000, 0x00000000da800000, 0x0000000100000000)
  eden space 31232K, 0% used [0x00000000d7f80000,0x00000000d7f80000,0x00000000d9e00000)
  from space 5120K, 99% used [0x00000000d9e00000,0x00000000da2fb0f0,0x00000000da300000)
  to   space 5120K, 0% used [0x00000000da300000,0x00000000da300000,0x00000000da800000)
 ParOldGen       total 83456K, used 11229K [0x0000000087e00000, 0x000000008cf80000, 0x00000000d7f80000)
  object space 83456K, 13% used [0x0000000087e00000,0x00000000888f7670,0x000000008cf80000)
 Metaspace       used 20602K, capacity 21096K, committed 21296K, reserved 1069056K
  class space    used 2545K, capacity 2677K, committed 2688K, reserved 1048576K
Event: 3,339 GC heap after
Heap after GC invocations=4 (full 1):
 PSYoungGen      total 36352K, used 0K [0x00000000d7f80000, 0x00000000da800000, 0x0000000100000000)
  eden space 31232K, 0% used [0x00000000d7f80000,0x00000000d7f80000,0x00000000d9e00000)
  from space 5120K, 0% used [0x00000000d9e00000,0x00000000d9e00000,0x00000000da300000)
  to   space 5120K, 0% used [0x00000000da300000,0x00000000da300000,0x00000000da800000)
 ParOldGen       total 78336K, used 13084K [0x0000000087e00000, 0x000000008ca80000, 0x00000000d7f80000)
  object space 78336K, 16% used [0x0000000087e00000,0x0000000088ac7338,0x000000008ca80000)
 Metaspace       used 20602K, capacity 21096K, committed 21296K, reserved 1069056K
  class space    used 2545K, capacity 2677K, committed 2688K, reserved 1048576K
}
Event: 3,844 GC heap before
{Heap before GC invocations=5 (full 1):
 PSYoungGen      total 36352K, used 29245K [0x00000000d7f80000, 0x00000000da800000, 0x0000000100000000)
  eden space 31232K, 93% used [0x00000000d7f80000,0x00000000d9c0f670,0x00000000d9e00000)
  from space 5120K, 0% used [0x00000000d9e00000,0x00000000d9e00000,0x00000000da300000)
  to   space 5120K, 0% used [0x00000000da300000,0x00000000da300000,0x00000000da800000)
 ParOldGen       total 78336K, used 13084K [0x0000000087e00000, 0x000000008ca80000, 0x00000000d7f80000)
  object space 78336K, 16% used [0x0000000087e00000,0x0000000088ac7338,0x000000008ca80000)
 Metaspace       used 25031K, capacity 25724K, committed 25984K, reserved 1071104K
  class space    used 3200K, capacity 3397K, committed 3456K, reserved 1048576K
Event: 3,848 GC heap after
Heap after GC invocations=5 (full 1):
 PSYoungGen      total 36352K, used 4522K [0x00000000d7f80000, 0x00000000daf00000, 0x0000000100000000)
  eden space 31232K, 0% used [0x00000000d7f80000,0x00000000d7f80000,0x00000000d9e00000)
  from space 5120K, 88% used [0x00000000da300000,0x00000000da76a980,0x00000000da800000)
  to   space 5120K, 0% used [0x00000000d9e00000,0x00000000d9e00000,0x00000000da300000)
 ParOldGen       total 78336K, used 13092K [0x0000000087e00000, 0x000000008ca80000, 0x00000000d7f80000)
  object space 78336K, 16% used [0x0000000087e00000,0x0000000088ac9338,0x000000008ca80000)
 Metaspace       used 25031K, capacity 25724K, committed 25984K, reserved 1071104K
  class space    used 3200K, capacity 3397K, committed 3456K, reserved 1048576K
}

