# JRE version: Java(TM) SE Runtime Environment (8.0_65-b17) (build 1.8.0_65-b17)
# Java VM: Java HotSpot(TM) 64-Bit Server VM (25.65-b01 mixed mode linux-amd64 compressed oops)
Heap:
 PSYoungGen      total 67584K, used 47166K [0x00000000d7f80000, 0x00000000dd800000, 0x0000000100000000)
  eden space 62464K, 67% used [0x00000000d7f80000,0x00000000da897820,0x00000000dbc80000)
  from space 5120K, 99% used [0x00000000dbc80000,0x00000000dc178320,0x00000000dc180000)
  to   space 11264K, 0% used [0x00000000dcd00000,0x00000000dcd00000,0x00000000dd800000)
 ParOldGen       total 57344K, used 15547K [0x0000000087e00000, 0x000000008b600000, 0x00000000d7f80000)
  object space 57344K, 27% used [0x0000000087e00000,0x0000000088d2ef90,0x000000008b600000)
 Metaspace       used 31891K, capacity 33188K, committed 33408K, reserved 1079296K
  class space    used 4177K, capacity 4459K, committed 4480K, reserved 1048576K
GC Heap History (10 events):
Event: 1,792 GC heap before
{Heap before GC invocations=2 (full 0):
 PSYoungGen      total 36352K, used 35788K [0x00000000d7f80000, 0x00000000da800000, 0x0000000100000000)
  eden space 31232K, 100% used [0x00000000d7f80000,0x00000000d9e00000,0x00000000d9e00000)
  from space 5120K, 88% used [0x00000000d9e00000,0x00000000da273008,0x00000000da300000)
  to   space 5120K, 0% used [0x00000000da300000,0x00000000da300000,0x00000000da800000)
 ParOldGen       total 83456K, used 72K [0x0000000087e00000, 0x000000008cf80000, 0x00000000d7f80000)
  object space 83456K, 0% used [0x0000000087e00000,0x0000000087e12010,0x000000008cf80000)
 Metaspace       used 17874K, capacity 18388K, committed 18560K, reserved 1064960K
  class space    used 2259K, capacity 2419K, committed 2432K, reserved 1048576K
Event: 1,798 GC heap after
Heap after GC invocations=2 (full 0):
 PSYoungGen      total 36352K, used 5106K [0x00000000d7f80000, 0x00000000da800000, 0x0000000100000000)
  eden space 31232K, 0% used [0x00000000d7f80000,0x00000000d7f80000,0x00000000d9e00000)
  from space 5120K, 99% used [0x00000000da300000,0x00000000da7fc810,0x00000000da800000)
  to   space 5120K, 0% used [0x00000000d9e00000,0x00000000d9e00000,0x00000000da300000)
 ParOldGen       total 83456K, used 1232K [0x0000000087e00000, 0x000000008cf80000, 0x00000000d7f80000)
  object space 83456K, 1% used [0x0000000087e00000,0x0000000087f34050,0x000000008cf80000)
 Metaspace       used 17874K, capacity 18388K, committed 18560K, reserved 1064960K
  class space    used 2259K, capacity 2419K, committed 2432K, reserved 1048576K
}
Event: 2,016 GC heap before
{Heap before GC invocations=3 (full 0):
 PSYoungGen      total 36352K, used 18049K [0x00000000d7f80000, 0x00000000da800000, 0x0000000100000000)
  eden space 31232K, 41% used [0x00000000d7f80000,0x00000000d8c23d28,0x00000000d9e00000)
  from space 5120K, 99% used [0x00000000da300000,0x00000000da7fc810,0x00000000da800000)
  to   space 5120K, 0% used [0x00000000d9e00000,0x00000000d9e00000,0x00000000da300000)
 ParOldGen       total 83456K, used 1232K [0x0000000087e00000, 0x000000008cf80000, 0x00000000d7f80000)
  object space 83456K, 1% used [0x0000000087e00000,0x0000000087f34050,0x000000008cf80000)
 Metaspace       used 20595K, capacity 21124K, committed 21248K, reserved 1067008K
  class space    used 2584K, capacity 2747K, committed 2816K, reserved 1048576K
Event: 2,024 GC heap after
Heap after GC invocations=3 (full 0):
 PSYoungGen      total 36352K, used 5093K [0x00000000d7f80000, 0x00000000dc680000, 0x0000000100000000)
  eden space 31232K, 0% used [0x00000000d7f80000,0x00000000d7f80000,0x00000000d9e00000)
  from space 5120K, 99% used [0x00000000d9e00000,0x00000000da2f9780,0x00000000da300000)
  to   space 5120K, 0% used [0x00000000dc180000,0x00000000dc180000,0x00000000dc680000)
 ParOldGen       total 83456K, used 3594K [0x0000000087e00000, 0x000000008cf80000, 0x00000000d7f80000)
  object space 83456K, 4% used [0x0000000087e00000,0x0000000088182a08,0x000000008cf80000)
 Metaspace       used 20595K, capacity 21124K, committed 21248K, reserved 1067008K
  class space    used 2584K, capacity 2747K, committed 2816K, reserved 1048576K
}
Event: 2,024 GC heap before
{Heap before GC invocations=4 (full 1):
 PSYoungGen      total 36352K, used 5093K [0x00000000d7f80000, 0x00000000dc680000, 0x0000000100000000)
  eden space 31232K, 0% used [0x00000000d7f80000,0x00000000d7f80000,0x00000000d9e00000)
  from space 5120K, 99% used [0x00000000d9e00000,0x00000000da2f9780,0x00000000da300000)
  to   space 5120K, 0% used [0x00000000dc180000,0x00000000dc180000,0x00000000dc680000)
 ParOldGen       total 83456K, used 3594K [0x0000000087e00000, 0x000000008cf80000, 0x00000000d7f80000)
  object space 83456K, 4% used [0x0000000087e00000,0x0000000088182a08,0x000000008cf80000)
 Metaspace       used 20595K, capacity 21124K, committed 21248K, reserved 1067008K
  class space    used 2584K, capacity 2747K, committed 2816K, reserved 1048576K
Event: 2,058 GC heap after
Heap after GC invocations=4 (full 1):
 PSYoungGen      total 36352K, used 0K [0x00000000d7f80000, 0x00000000dc680000, 0x0000000100000000)
  eden space 31232K, 0% used [0x00000000d7f80000,0x00000000d7f80000,0x00000000d9e00000)
  from space 5120K, 0% used [0x00000000d9e00000,0x00000000d9e00000,0x00000000da300000)
  to   space 5120K, 0% used [0x00000000dc180000,0x00000000dc180000,0x00000000dc680000)
 ParOldGen       total 57344K, used 7611K [0x0000000087e00000, 0x000000008b600000, 0x00000000d7f80000)
  object space 57344K, 13% used [0x0000000087e00000,0x000000008856efa8,0x000000008b600000)
 Metaspace       used 20595K, capacity 21124K, committed 21248K, reserved 1067008K
  class space    used 2584K, capacity 2747K, committed 2816K, reserved 1048576K
}
Event: 3,459 GC heap before
{Heap before GC invocations=5 (full 1):
 PSYoungGen      total 36352K, used 31232K [0x00000000d7f80000, 0x00000000dc680000, 0x0000000100000000)
  eden space 31232K, 100% used [0x00000000d7f80000,0x00000000d9e00000,0x00000000d9e00000)
  from space 5120K, 0% used [0x00000000d9e00000,0x00000000d9e00000,0x00000000da300000)
  to   space 5120K, 0% used [0x00000000dc180000,0x00000000dc180000,0x00000000dc680000)
 ParOldGen       total 57344K, used 7611K [0x0000000087e00000, 0x000000008b600000, 0x00000000d7f80000)
  object space 57344K, 13% used [0x0000000087e00000,0x000000008856efa8,0x000000008b600000)
 Metaspace       used 23923K, capacity 24480K, committed 24704K, reserved 1071104K
  class space    used 2939K, capacity 3083K, committed 3200K, reserved 1048576K
Event: 3,464 GC heap after
Heap after GC invocations=5 (full 1):
 PSYoungGen      total 50688K, used 5117K [0x00000000d7f80000, 0x00000000dc680000, 0x0000000100000000)
  eden space 45568K, 0% used [0x00000000d7f80000,0x00000000d7f80000,0x00000000dac00000)
  from space 5120K, 99% used [0x00000000dc180000,0x00000000dc67f7a8,0x00000000dc680000)
  to   space 5120K, 0% used [0x00000000dbc80000,0x00000000dbc80000,0x00000000dc180000)
 ParOldGen       total 57344K, used 11095K [0x0000000087e00000, 0x000000008b600000, 0x00000000d7f80000)
  object space 57344K, 19% used [0x0000000087e00000,0x00000000888d5df0,0x000000008b600000)
 Metaspace       used 23923K, capacity 24480K, committed 24704K, reserved 1071104K
  class space    used 2939K, capacity 3083K, committed 3200K, reserved 1048576K
}
Event: 3,814 GC heap before
{Heap before GC invocations=6 (full 1):
 PSYoungGen      total 50688K, used 46434K [0x00000000d7f80000, 0x00000000dc680000, 0x0000000100000000)
  eden space 45568K, 90% used [0x00000000d7f80000,0x00000000da7d9190,0x00000000dac00000)
  from space 5120K, 99% used [0x00000000dc180000,0x00000000dc67f7a8,0x00000000dc680000)
  to   space 5120K, 0% used [0x00000000dbc80000,0x00000000dbc80000,0x00000000dc180000)
 ParOldGen       total 57344K, used 11095K [0x0000000087e00000, 0x000000008b600000, 0x00000000d7f80000)
  object space 57344K, 19% used [0x0000000087e00000,0x00000000888d5df0,0x000000008b600000)
 Metaspace       used 26167K, capacity 26934K, committed 27136K, reserved 1073152K
  class space    used 3345K, capacity 3558K, committed 3584K, reserved 1048576K
Event: 3,822 GC heap after
Heap after GC invocations=6 (full 1):
 PSYoungGen      total 67584K, used 5088K [0x00000000d7f80000, 0x00000000dd800000, 0x0000000100000000)
  eden space 62464K, 0% used [0x00000000d7f80000,0x00000000d7f80000,0x00000000dbc80000)
  from space 5120K, 99% used [0x00000000dbc80000,0x00000000dc178320,0x00000000dc180000)
  to   space 11264K, 0% used [0x00000000dcd00000,0x00000000dcd00000,0x00000000dd800000)
 ParOldGen       total 57344K, used 15547K [0x0000000087e00000, 0x000000008b600000, 0x00000000d7f80000)
  object space 57344K, 27% used [0x0000000087e00000,0x0000000088d2ef90,0x000000008b600000)
 Metaspace       used 26167K, capacity 26934K, committed 27136K, reserved 1073152K
  class space    used 3345K, capacity 3558K, committed 3584K, reserved 1048576K
}

