# JRE version: Java(TM) SE Runtime Environment (8.0_66-b18) (build 1.8.0_66-b18)
# Java VM: Java HotSpot(TM) 64-Bit Server VM (25.66-b18 mixed mode windows-amd64 compressed oops)
Heap:
 PSYoungGen      total 37888K, used 22068K [0x00000000d6100000, 0x00000000d8b00000, 0x0000000100000000)
  eden space 32768K, 58% used [0x00000000d6100000,0x00000000d73b1360,0x00000000d8100000)
  from space 5120K, 57% used [0x00000000d8100000,0x00000000d83dc010,0x00000000d8600000)
  to   space 5120K, 0% used [0x00000000d8600000,0x00000000d8600000,0x00000000d8b00000)
 ParOldGen       total 86016K, used 32K [0x0000000082200000, 0x0000000087600000, 0x00000000d6100000)
  object space 86016K, 0% used [0x0000000082200000,0x0000000082208000,0x0000000087600000)
 Metaspace       used 13080K, capacity 13392K, committed 13440K, reserved 1060864K
  class space    used 1546K, capacity 1653K, committed 1664K, reserved 1048576K
GC Heap History (6 events):
Event: 2.403 GC heap before
{Heap before GC invocations=1 (full 0):
 PSYoungGen      total 37888K, used 32768K [0x00000000d6100000, 0x00000000d8b00000, 0x0000000100000000)
  eden space 32768K, 100% used [0x00000000d6100000,0x00000000d8100000,0x00000000d8100000)
  from space 5120K, 0% used [0x00000000d8600000,0x00000000d8600000,0x00000000d8b00000)
  to   space 5120K, 0% used [0x00000000d8100000,0x00000000d8100000,0x00000000d8600000)
 ParOldGen       total 86016K, used 0K [0x0000000082200000, 0x0000000087600000, 0x00000000d6100000)
  object space 86016K, 0% used [0x0000000082200000,0x0000000082200000,0x0000000087600000)
 Metaspace       used 11666K, capacity 12024K, committed 12288K, reserved 1060864K
  class space    used 1429K, capacity 1523K, committed 1536K, reserved 1048576K
Event: 2.409 GC heap after
Heap after GC invocations=1 (full 0):
 PSYoungGen      total 37888K, used 2304K [0x00000000d6100000, 0x00000000d8b00000, 0x0000000100000000)
  eden space 32768K, 0% used [0x00000000d6100000,0x00000000d6100000,0x00000000d8100000)
  from space 5120K, 45% used [0x00000000d8100000,0x00000000d8340000,0x00000000d8600000)
  to   space 5120K, 0% used [0x00000000d8600000,0x00000000d8600000,0x00000000d8b00000)
 ParOldGen       total 86016K, used 16K [0x0000000082200000, 0x0000000087600000, 0x00000000d6100000)
  object space 86016K, 0% used [0x0000000082200000,0x0000000082204000,0x0000000087600000)
 Metaspace       used 11666K, capacity 12024K, committed 12288K, reserved 1060864K
  class space    used 1429K, capacity 1523K, committed 1536K, reserved 1048576K
}
Event: 27.483 GC heap before
{Heap before GC invocations=2 (full 0):
 PSYoungGen      total 37888K, used 35072K [0x00000000d6100000, 0x00000000d8b00000, 0x0000000100000000)
  eden space 32768K, 100% used [0x00000000d6100000,0x00000000d8100000,0x00000000d8100000)
  from space 5120K, 45% used [0x00000000d8100000,0x00000000d8340000,0x00000000d8600000)
  to   space 5120K, 0% used [0x00000000d8600000,0x00000000d8600000,0x00000000d8b00000)
 ParOldGen       total 86016K, used 16K [0x0000000082200000, 0x0000000087600000, 0x00000000d6100000)
  object space 86016K, 0% used [0x0000000082200000,0x0000000082204000,0x0000000087600000)
 Metaspace       used 12597K, capacity 12912K, committed 13184K, reserved 1060864K
  class space    used 1527K, capacity 1621K, committed 1664K, reserved 1048576K
Event: 27.489 GC heap after
Heap after GC invocations=2 (full 0):
 PSYoungGen      total 37888K, used 2640K [0x00000000d6100000, 0x00000000d8b00000, 0x0000000100000000)
  eden space 32768K, 0% used [0x00000000d6100000,0x00000000d6100000,0x00000000d8100000)
  from space 5120K, 51% used [0x00000000d8600000,0x00000000d8894010,0x00000000d8b00000)
  to   space 5120K, 0% used [0x00000000d8100000,0x00000000d8100000,0x00000000d8600000)
 ParOldGen       total 86016K, used 24K [0x0000000082200000, 0x0000000087600000, 0x00000000d6100000)
  object space 86016K, 0% used [0x0000000082200000,0x0000000082206000,0x0000000087600000)
 Metaspace       used 12597K, capacity 12912K, committed 13184K, reserved 1060864K
  class space    used 1527K, capacity 1621K, committed 1664K, reserved 1048576K
}
Event: 41.283 GC heap before
{Heap before GC invocations=3 (full 0):
 PSYoungGen      total 37888K, used 35408K [0x00000000d6100000, 0x00000000d8b00000, 0x0000000100000000)
  eden space 32768K, 100% used [0x00000000d6100000,0x00000000d8100000,0x00000000d8100000)
  from space 5120K, 51% used [0x00000000d8600000,0x00000000d8894010,0x00000000d8b00000)
  to   space 5120K, 0% used [0x00000000d8100000,0x00000000d8100000,0x00000000d8600000)
 ParOldGen       total 86016K, used 24K [0x0000000082200000, 0x0000000087600000, 0x00000000d6100000)
  object space 86016K, 0% used [0x0000000082200000,0x0000000082206000,0x0000000087600000)
 Metaspace       used 12878K, capacity 13264K, committed 13440K, reserved 1060864K
  class space    used 1533K, capacity 1653K, committed 1664K, reserved 1048576K
Event: 41.291 GC heap after
Heap after GC invocations=3 (full 0):
 PSYoungGen      total 37888K, used 2928K [0x00000000d6100000, 0x00000000d8b00000, 0x0000000100000000)
  eden space 32768K, 0% used [0x00000000d6100000,0x00000000d6100000,0x00000000d8100000)
  from space 5120K, 57% used [0x00000000d8100000,0x00000000d83dc010,0x00000000d8600000)
  to   space 5120K, 0% used [0x00000000d8600000,0x00000000d8600000,0x00000000d8b00000)
 ParOldGen       total 86016K, used 32K [0x0000000082200000, 0x0000000087600000, 0x00000000d6100000)
  object space 86016K, 0% used [0x0000000082200000,0x0000000082208000,0x0000000087600000)
 Metaspace       used 12878K, capacity 13264K, committed 13440K, reserved 1060864K
  class space    used 1533K, capacity 1653K, committed 1664K, reserved 1048576K
}

