# JRE version: Java(TM) SE Runtime Environment (8.0_66-b18) (build 1.8.0_66-b18)
# Java VM: Java HotSpot(TM) 64-Bit Server VM (25.66-b18 mixed mode windows-amd64 compressed oops)
Heap:
 PSYoungGen      total 95232K, used 15445K [0x00000000d6100000, 0x00000000de780000, 0x0000000100000000)
  eden space 78848K, 18% used [0x00000000d6100000,0x00000000d6f65620,0x00000000dae00000)
  from space 16384K, 4% used [0x00000000dae00000,0x00000000daeb0000,0x00000000dbe00000)
  to   space 16896K, 0% used [0x00000000dd700000,0x00000000dd700000,0x00000000de780000)
 ParOldGen       total 116224K, used 31391K [0x0000000082200000, 0x0000000089380000, 0x00000000d6100000)
  object space 116224K, 27% used [0x0000000082200000,0x00000000840a7dd8,0x0000000089380000)
 Metaspace       used 35102K, capacity 36510K, committed 36736K, reserved 1081344K
  class space    used 4648K, capacity 4910K, committed 4992K, reserved 1048576K
GC Heap History (10 events):
Event: 8.921 GC heap before
{Heap before GC invocations=5 (full 1):
 PSYoungGen      total 37888K, used 32768K [0x00000000d6100000, 0x00000000dab00000, 0x0000000100000000)
  eden space 32768K, 100% used [0x00000000d6100000,0x00000000d8100000,0x00000000d8100000)
  from space 5120K, 0% used [0x00000000d8100000,0x00000000d8100000,0x00000000d8600000)
  to   space 5120K, 0% used [0x00000000da600000,0x00000000da600000,0x00000000dab00000)
 ParOldGen       total 56320K, used 8090K [0x0000000082200000, 0x0000000085900000, 0x00000000d6100000)
  object space 56320K, 14% used [0x0000000082200000,0x00000000829e6878,0x0000000085900000)
 Metaspace       used 22823K, capacity 23406K, committed 23552K, reserved 1069056K
  class space    used 2846K, capacity 2984K, committed 3072K, reserved 1048576K
Event: 8.927 GC heap after
Heap after GC invocations=5 (full 1):
 PSYoungGen      total 56320K, used 4831K [0x00000000d6100000, 0x00000000dab00000, 0x0000000100000000)
  eden space 51200K, 0% used [0x00000000d6100000,0x00000000d6100000,0x00000000d9300000)
  from space 5120K, 94% used [0x00000000da600000,0x00000000daab7e20,0x00000000dab00000)
  to   space 5120K, 0% used [0x00000000da100000,0x00000000da100000,0x00000000da600000)
 ParOldGen       total 56320K, used 9298K [0x0000000082200000, 0x0000000085900000, 0x00000000d6100000)
  object space 56320K, 16% used [0x0000000082200000,0x0000000082b14888,0x0000000085900000)
 Metaspace       used 22823K, capacity 23406K, committed 23552K, reserved 1069056K
  class space    used 2846K, capacity 2984K, committed 3072K, reserved 1048576K
}
Event: 11.780 GC heap before
{Heap before GC invocations=6 (full 1):
 PSYoungGen      total 56320K, used 56031K [0x00000000d6100000, 0x00000000dab00000, 0x0000000100000000)
  eden space 51200K, 100% used [0x00000000d6100000,0x00000000d9300000,0x00000000d9300000)
  from space 5120K, 94% used [0x00000000da600000,0x00000000daab7e20,0x00000000dab00000)
  to   space 5120K, 0% used [0x00000000da100000,0x00000000da100000,0x00000000da600000)
 ParOldGen       total 56320K, used 9298K [0x0000000082200000, 0x0000000085900000, 0x00000000d6100000)
  object space 56320K, 16% used [0x0000000082200000,0x0000000082b14888,0x0000000085900000)
 Metaspace       used 28466K, capacity 29734K, committed 30080K, reserved 1075200K
  class space    used 3871K, capacity 4120K, committed 4224K, reserved 1048576K
Event: 11.793 GC heap after
Heap after GC invocations=6 (full 1):
 PSYoungGen      total 70656K, used 5104K [0x00000000d6100000, 0x00000000dce80000, 0x0000000100000000)
  eden space 65536K, 0% used [0x00000000d6100000,0x00000000d6100000,0x00000000da100000)
  from space 5120K, 99% used [0x00000000da100000,0x00000000da5fc360,0x00000000da600000)
  to   space 16896K, 0% used [0x00000000dbe00000,0x00000000dbe00000,0x00000000dce80000)
 ParOldGen       total 56320K, used 23274K [0x0000000082200000, 0x0000000085900000, 0x00000000d6100000)
  object space 56320K, 41% used [0x0000000082200000,0x00000000838baa88,0x0000000085900000)
 Metaspace       used 28466K, capacity 29734K, committed 30080K, reserved 1075200K
  class space    used 3871K, capacity 4120K, committed 4224K, reserved 1048576K
}
Event: 14.298 GC heap before
{Heap before GC invocations=7 (full 1):
 PSYoungGen      total 70656K, used 25096K [0x00000000d6100000, 0x00000000dce80000, 0x0000000100000000)
  eden space 65536K, 30% used [0x00000000d6100000,0x00000000d7485f78,0x00000000da100000)
  from space 5120K, 99% used [0x00000000da100000,0x00000000da5fc360,0x00000000da600000)
  to   space 16896K, 0% used [0x00000000dbe00000,0x00000000dbe00000,0x00000000dce80000)
 ParOldGen       total 56320K, used 23274K [0x0000000082200000, 0x0000000085900000, 0x00000000d6100000)
  object space 56320K, 41% used [0x0000000082200000,0x00000000838baa88,0x0000000085900000)
 Metaspace       used 34018K, capacity 35282K, committed 35416K, reserved 1079296K
  class space    used 4532K, capacity 4812K, committed 4864K, reserved 1048576K
Event: 14.321 GC heap after
Heap after GC invocations=7 (full 1):
 PSYoungGen      total 95744K, used 9648K [0x00000000d6100000, 0x00000000de300000, 0x0000000100000000)
  eden space 78848K, 0% used [0x00000000d6100000,0x00000000d6100000,0x00000000dae00000)
  from space 16896K, 57% used [0x00000000dbe00000,0x00000000dc76c120,0x00000000dce80000)
  to   space 16384K, 0% used [0x00000000dae00000,0x00000000dae00000,0x00000000dbe00000)
 ParOldGen       total 56320K, used 23282K [0x0000000082200000, 0x0000000085900000, 0x00000000d6100000)
  object space 56320K, 41% used [0x0000000082200000,0x00000000838bca88,0x0000000085900000)
 Metaspace       used 34018K, capacity 35282K, committed 35416K, reserved 1079296K
  class space    used 4532K, capacity 4812K, committed 4864K, reserved 1048576K
}
Event: 14.321 GC heap before
{Heap before GC invocations=8 (full 2):
 PSYoungGen      total 95744K, used 9648K [0x00000000d6100000, 0x00000000de300000, 0x0000000100000000)
  eden space 78848K, 0% used [0x00000000d6100000,0x00000000d6100000,0x00000000dae00000)
  from space 16896K, 57% used [0x00000000dbe00000,0x00000000dc76c120,0x00000000dce80000)
  to   space 16384K, 0% used [0x00000000dae00000,0x00000000dae00000,0x00000000dbe00000)
 ParOldGen       total 56320K, used 23282K [0x0000000082200000, 0x0000000085900000, 0x00000000d6100000)
  object space 56320K, 41% used [0x0000000082200000,0x00000000838bca88,0x0000000085900000)
 Metaspace       used 34018K, capacity 35282K, committed 35416K, reserved 1079296K
  class space    used 4532K, capacity 4812K, committed 4864K, reserved 1048576K
Event: 14.478 GC heap after
Heap after GC invocations=8 (full 2):
 PSYoungGen      total 95744K, used 0K [0x00000000d6100000, 0x00000000de300000, 0x0000000100000000)
  eden space 78848K, 0% used [0x00000000d6100000,0x00000000d6100000,0x00000000dae00000)
  from space 16896K, 0% used [0x00000000dbe00000,0x00000000dbe00000,0x00000000dce80000)
  to   space 16384K, 0% used [0x00000000dae00000,0x00000000dae00000,0x00000000dbe00000)
 ParOldGen       total 116224K, used 31383K [0x0000000082200000, 0x0000000089380000, 0x00000000d6100000)
  object space 116224K, 27% used [0x0000000082200000,0x00000000840a5dd8,0x0000000089380000)
 Metaspace       used 34018K, capacity 35282K, committed 35416K, reserved 1079296K
  class space    used 4532K, capacity 4812K, committed 4864K, reserved 1048576K
}
Event: 25.144 GC heap before
{Heap before GC invocations=9 (full 2):
 PSYoungGen      total 95744K, used 78848K [0x00000000d6100000, 0x00000000de300000, 0x0000000100000000)
  eden space 78848K, 100% used [0x00000000d6100000,0x00000000dae00000,0x00000000dae00000)
  from space 16896K, 0% used [0x00000000dbe00000,0x00000000dbe00000,0x00000000dce80000)
  to   space 16384K, 0% used [0x00000000dae00000,0x00000000dae00000,0x00000000dbe00000)
 ParOldGen       total 116224K, used 31383K [0x0000000082200000, 0x0000000089380000, 0x00000000d6100000)
  object space 116224K, 27% used [0x0000000082200000,0x00000000840a5dd8,0x0000000089380000)
 Metaspace       used 35034K, capacity 36434K, committed 36736K, reserved 1081344K
  class space    used 4633K, capacity 4908K, committed 4992K, reserved 1048576K
Event: 25.153 GC heap after
Heap after GC invocations=9 (full 2):
 PSYoungGen      total 95232K, used 704K [0x00000000d6100000, 0x00000000de780000, 0x0000000100000000)
  eden space 78848K, 0% used [0x00000000d6100000,0x00000000d6100000,0x00000000dae00000)
  from space 16384K, 4% used [0x00000000dae00000,0x00000000daeb0000,0x00000000dbe00000)
  to   space 16896K, 0% used [0x00000000dd700000,0x00000000dd700000,0x00000000de780000)
 ParOldGen       total 116224K, used 31391K [0x0000000082200000, 0x0000000089380000, 0x00000000d6100000)
  object space 116224K, 27% used [0x0000000082200000,0x00000000840a7dd8,0x0000000089380000)
 Metaspace       used 35034K, capacity 36434K, committed 36736K, reserved 1081344K
  class space    used 4633K, capacity 4908K, committed 4992K, reserved 1048576K
}

