# JRE version: Java(TM) SE Runtime Environment (8.0_66-b18) (build 1.8.0_66-b18)
# Java VM: Java HotSpot(TM) 64-Bit Server VM (25.66-b18 mixed mode windows-amd64 compressed oops)
Heap:
 PSYoungGen      total 53760K, used 30819K [0x00000000d6100000, 0x00000000da680000, 0x0000000100000000)
  eden space 39424K, 64% used [0x00000000d6100000,0x00000000d7a014e0,0x00000000d8780000)
  from space 14336K, 36% used [0x00000000d9880000,0x00000000d9d97ad0,0x00000000da680000)
  to   space 15872K, 0% used [0x00000000d8780000,0x00000000d8780000,0x00000000d9700000)
 ParOldGen       total 87552K, used 21760K [0x0000000082200000, 0x0000000087780000, 0x00000000d6100000)
  object space 87552K, 24% used [0x0000000082200000,0x00000000837400b0,0x0000000087780000)
 Metaspace       used 28885K, capacity 30198K, committed 30336K, reserved 1075200K
  class space    used 3926K, capacity 4224K, committed 4224K, reserved 1048576K
GC Heap History (10 events):
Event: 6.297 GC heap before
{Heap before GC invocations=3 (full 0):
 PSYoungGen      total 37888K, used 31521K [0x00000000d6100000, 0x00000000d8b00000, 0x0000000100000000)
  eden space 32768K, 80% used [0x00000000d6100000,0x00000000d7acfe10,0x00000000d8100000)
  from space 5120K, 99% used [0x00000000d8600000,0x00000000d8af8800,0x00000000d8b00000)
  to   space 5120K, 0% used [0x00000000d8100000,0x00000000d8100000,0x00000000d8600000)
 ParOldGen       total 86016K, used 1616K [0x0000000082200000, 0x0000000087600000, 0x00000000d6100000)
  object space 86016K, 1% used [0x0000000082200000,0x0000000082394070,0x0000000087600000)
 Metaspace       used 20308K, capacity 21148K, committed 21248K, reserved 1067008K
  class space    used 2822K, capacity 3029K, committed 3072K, reserved 1048576K
Event: 6.310 GC heap after
Heap after GC invocations=3 (full 0):
 PSYoungGen      total 37888K, used 5100K [0x00000000d6100000, 0x00000000d8b00000, 0x0000000100000000)
  eden space 32768K, 0% used [0x00000000d6100000,0x00000000d6100000,0x00000000d8100000)
  from space 5120K, 99% used [0x00000000d8100000,0x00000000d85fb070,0x00000000d8600000)
  to   space 5120K, 0% used [0x00000000d8600000,0x00000000d8600000,0x00000000d8b00000)
 ParOldGen       total 86016K, used 13681K [0x0000000082200000, 0x0000000087600000, 0x00000000d6100000)
  object space 86016K, 15% used [0x0000000082200000,0x0000000082f5c400,0x0000000087600000)
 Metaspace       used 20308K, capacity 21148K, committed 21248K, reserved 1067008K
  class space    used 2822K, capacity 3029K, committed 3072K, reserved 1048576K
}
Event: 6.310 GC heap before
{Heap before GC invocations=4 (full 1):
 PSYoungGen      total 37888K, used 5100K [0x00000000d6100000, 0x00000000d8b00000, 0x0000000100000000)
  eden space 32768K, 0% used [0x00000000d6100000,0x00000000d6100000,0x00000000d8100000)
  from space 5120K, 99% used [0x00000000d8100000,0x00000000d85fb070,0x00000000d8600000)
  to   space 5120K, 0% used [0x00000000d8600000,0x00000000d8600000,0x00000000d8b00000)
 ParOldGen       total 86016K, used 13681K [0x0000000082200000, 0x0000000087600000, 0x00000000d6100000)
  object space 86016K, 15% used [0x0000000082200000,0x0000000082f5c400,0x0000000087600000)
 Metaspace       used 20308K, capacity 21148K, committed 21248K, reserved 1067008K
  class space    used 2822K, capacity 3029K, committed 3072K, reserved 1048576K
Event: 6.405 GC heap after
Heap after GC invocations=4 (full 1):
 PSYoungGen      total 37888K, used 0K [0x00000000d6100000, 0x00000000d8b00000, 0x0000000100000000)
  eden space 32768K, 0% used [0x00000000d6100000,0x00000000d6100000,0x00000000d8100000)
  from space 5120K, 0% used [0x00000000d8100000,0x00000000d8100000,0x00000000d8600000)
  to   space 5120K, 0% used [0x00000000d8600000,0x00000000d8600000,0x00000000d8b00000)
 ParOldGen       total 87552K, used 18560K [0x0000000082200000, 0x0000000087780000, 0x00000000d6100000)
  object space 87552K, 21% used [0x0000000082200000,0x00000000834200a0,0x0000000087780000)
 Metaspace       used 20308K, capacity 21148K, committed 21248K, reserved 1067008K
  class space    used 2822K, capacity 3029K, committed 3072K, reserved 1048576K
}
Event: 10.171 GC heap before
{Heap before GC invocations=5 (full 1):
 PSYoungGen      total 37888K, used 32768K [0x00000000d6100000, 0x00000000d8b00000, 0x0000000100000000)
  eden space 32768K, 100% used [0x00000000d6100000,0x00000000d8100000,0x00000000d8100000)
  from space 5120K, 0% used [0x00000000d8100000,0x00000000d8100000,0x00000000d8600000)
  to   space 5120K, 0% used [0x00000000d8600000,0x00000000d8600000,0x00000000d8b00000)
 ParOldGen       total 87552K, used 18560K [0x0000000082200000, 0x0000000087780000, 0x00000000d6100000)
  object space 87552K, 21% used [0x0000000082200000,0x00000000834200a0,0x0000000087780000)
 Metaspace       used 27899K, capacity 29252K, committed 29312K, reserved 1075200K
  class space    used 3894K, capacity 4189K, committed 4224K, reserved 1048576K
Event: 10.185 GC heap after
Heap after GC invocations=5 (full 1):
 PSYoungGen      total 37888K, used 5118K [0x00000000d6100000, 0x00000000d9400000, 0x0000000100000000)
  eden space 32768K, 0% used [0x00000000d6100000,0x00000000d6100000,0x00000000d8100000)
  from space 5120K, 99% used [0x00000000d8600000,0x00000000d8affad0,0x00000000d8b00000)
  to   space 5120K, 0% used [0x00000000d8100000,0x00000000d8100000,0x00000000d8600000)
 ParOldGen       total 87552K, used 21072K [0x0000000082200000, 0x0000000087780000, 0x00000000d6100000)
  object space 87552K, 24% used [0x0000000082200000,0x00000000836940b0,0x0000000087780000)
 Metaspace       used 27899K, capacity 29252K, committed 29312K, reserved 1075200K
  class space    used 3894K, capacity 4189K, committed 4224K, reserved 1048576K
}
Event: 25.682 GC heap before
{Heap before GC invocations=6 (full 1):
 PSYoungGen      total 37888K, used 37886K [0x00000000d6100000, 0x00000000d9400000, 0x0000000100000000)
  eden space 32768K, 100% used [0x00000000d6100000,0x00000000d8100000,0x00000000d8100000)
  from space 5120K, 99% used [0x00000000d8600000,0x00000000d8affad0,0x00000000d8b00000)
  to   space 5120K, 0% used [0x00000000d8100000,0x00000000d8100000,0x00000000d8600000)
 ParOldGen       total 87552K, used 21072K [0x0000000082200000, 0x0000000087780000, 0x00000000d6100000)
  object space 87552K, 24% used [0x0000000082200000,0x00000000836940b0,0x0000000087780000)
 Metaspace       used 28542K, capacity 29866K, committed 30080K, reserved 1075200K
  class space    used 3922K, capacity 4222K, committed 4224K, reserved 1048576K
Event: 25.693 GC heap after
Heap after GC invocations=6 (full 1):
 PSYoungGen      total 37888K, used 5118K [0x00000000d6100000, 0x00000000da880000, 0x0000000100000000)
  eden space 32768K, 0% used [0x00000000d6100000,0x00000000d6100000,0x00000000d8100000)
  from space 5120K, 99% used [0x00000000d8100000,0x00000000d85ffad0,0x00000000d8600000)
  to   space 16384K, 0% used [0x00000000d9880000,0x00000000d9880000,0x00000000da880000)
 ParOldGen       total 87552K, used 21752K [0x0000000082200000, 0x0000000087780000, 0x00000000d6100000)
  object space 87552K, 24% used [0x0000000082200000,0x000000008373e0b0,0x0000000087780000)
 Metaspace       used 28542K, capacity 29866K, committed 30080K, reserved 1075200K
  class space    used 3922K, capacity 4222K, committed 4224K, reserved 1048576K
}
Event: 50.854 GC heap before
{Heap before GC invocations=7 (full 1):
 PSYoungGen      total 37888K, used 37886K [0x00000000d6100000, 0x00000000da880000, 0x0000000100000000)
  eden space 32768K, 100% used [0x00000000d6100000,0x00000000d8100000,0x00000000d8100000)
  from space 5120K, 99% used [0x00000000d8100000,0x00000000d85ffad0,0x00000000d8600000)
  to   space 16384K, 0% used [0x00000000d9880000,0x00000000d9880000,0x00000000da880000)
 ParOldGen       total 87552K, used 21752K [0x0000000082200000, 0x0000000087780000, 0x00000000d6100000)
  object space 87552K, 24% used [0x0000000082200000,0x000000008373e0b0,0x0000000087780000)
 Metaspace       used 28675K, capacity 30058K, committed 30080K, reserved 1075200K
  class space    used 3922K, capacity 4222K, committed 4224K, reserved 1048576K
Event: 50.864 GC heap after
Heap after GC invocations=7 (full 1):
 PSYoungGen      total 53760K, used 5214K [0x00000000d6100000, 0x00000000da680000, 0x0000000100000000)
  eden space 39424K, 0% used [0x00000000d6100000,0x00000000d6100000,0x00000000d8780000)
  from space 14336K, 36% used [0x00000000d9880000,0x00000000d9d97ad0,0x00000000da680000)
  to   space 15872K, 0% used [0x00000000d8780000,0x00000000d8780000,0x00000000d9700000)
 ParOldGen       total 87552K, used 21760K [0x0000000082200000, 0x0000000087780000, 0x00000000d6100000)
  object space 87552K, 24% used [0x0000000082200000,0x00000000837400b0,0x0000000087780000)
 Metaspace       used 28675K, capacity 30058K, committed 30080K, reserved 1075200K
  class space    used 3922K, capacity 4222K, committed 4224K, reserved 1048576K
}

