# JRE version: Java(TM) SE Runtime Environment (8.0_65-b17) (build 1.8.0_65-b17)
# Java VM: Java HotSpot(TM) 64-Bit Server VM (25.65-b01 mixed mode linux-amd64 compressed oops)
Heap:
 PSYoungGen      total 67584K, used 38633K [0x00000000d7f80000, 0x00000000dd600000, 0x0000000100000000)
  eden space 62464K, 53% used [0x00000000d7f80000,0x00000000da03bfd0,0x00000000dbc80000)
  from space 5120K, 99% used [0x00000000dbc80000,0x00000000dc17e560,0x00000000dc180000)
  to   space 11264K, 0% used [0x00000000dcb00000,0x00000000dcb00000,0x00000000dd600000)
 ParOldGen       total 58368K, used 15508K [0x0000000087e00000, 0x000000008b700000, 0x00000000d7f80000)
  object space 58368K, 26% used [0x0000000087e00000,0x0000000088d250c8,0x000000008b700000)
 Metaspace       used 31641K, capacity 32962K, committed 33152K, reserved 1077248K
  class space    used 4163K, capacity 4452K, committed 4480K, reserved 1048576K
GC Heap History (10 events):
Event: 1,805 GC heap before
{Heap before GC invocations=2 (full 0):
 PSYoungGen      total 36352K, used 35852K [0x00000000d7f80000, 0x00000000da800000, 0x0000000100000000)
  eden space 31232K, 100% used [0x00000000d7f80000,0x00000000d9e00000,0x00000000d9e00000)
  from space 5120K, 90% used [0x00000000d9e00000,0x00000000da283038,0x00000000da300000)
  to   space 5120K, 0% used [0x00000000da300000,0x00000000da300000,0x00000000da800000)
 ParOldGen       total 83456K, used 8K [0x0000000087e00000, 0x000000008cf80000, 0x00000000d7f80000)
  object space 83456K, 0% used [0x0000000087e00000,0x0000000087e02000,0x000000008cf80000)
 Metaspace       used 17906K, capacity 18452K, committed 18560K, reserved 1064960K
  class space    used 2263K, capacity 2419K, committed 2432K, reserved 1048576K
Event: 1,811 GC heap after
Heap after GC invocations=2 (full 0):
 PSYoungGen      total 36352K, used 5105K [0x00000000d7f80000, 0x00000000da800000, 0x0000000100000000)
  eden space 31232K, 0% used [0x00000000d7f80000,0x00000000d7f80000,0x00000000d9e00000)
  from space 5120K, 99% used [0x00000000da300000,0x00000000da7fc7f0,0x00000000da800000)
  to   space 5120K, 0% used [0x00000000d9e00000,0x00000000d9e00000,0x00000000da300000)
 ParOldGen       total 83456K, used 1204K [0x0000000087e00000, 0x000000008cf80000, 0x00000000d7f80000)
  object space 83456K, 1% used [0x0000000087e00000,0x0000000087f2d090,0x000000008cf80000)
 Metaspace       used 17906K, capacity 18452K, committed 18560K, reserved 1064960K
  class space    used 2263K, capacity 2419K, committed 2432K, reserved 1048576K
}
Event: 2,065 GC heap before
{Heap before GC invocations=3 (full 0):
 PSYoungGen      total 36352K, used 18055K [0x00000000d7f80000, 0x00000000da800000, 0x0000000100000000)
  eden space 31232K, 41% used [0x00000000d7f80000,0x00000000d8c25428,0x00000000d9e00000)
  from space 5120K, 99% used [0x00000000da300000,0x00000000da7fc7f0,0x00000000da800000)
  to   space 5120K, 0% used [0x00000000d9e00000,0x00000000d9e00000,0x00000000da300000)
 ParOldGen       total 83456K, used 1204K [0x0000000087e00000, 0x000000008cf80000, 0x00000000d7f80000)
  object space 83456K, 1% used [0x0000000087e00000,0x0000000087f2d090,0x000000008cf80000)
 Metaspace       used 20611K, capacity 21124K, committed 21248K, reserved 1067008K
  class space    used 2586K, capacity 2747K, committed 2816K, reserved 1048576K
Event: 2,072 GC heap after
Heap after GC invocations=3 (full 0):
 PSYoungGen      total 36352K, used 5093K [0x00000000d7f80000, 0x00000000dc680000, 0x0000000100000000)
  eden space 31232K, 0% used [0x00000000d7f80000,0x00000000d7f80000,0x00000000d9e00000)
  from space 5120K, 99% used [0x00000000d9e00000,0x00000000da2f9780,0x00000000da300000)
  to   space 5120K, 0% used [0x00000000dc180000,0x00000000dc180000,0x00000000dc680000)
 ParOldGen       total 83456K, used 3596K [0x0000000087e00000, 0x000000008cf80000, 0x00000000d7f80000)
  object space 83456K, 4% used [0x0000000087e00000,0x0000000088183128,0x000000008cf80000)
 Metaspace       used 20611K, capacity 21124K, committed 21248K, reserved 1067008K
  class space    used 2586K, capacity 2747K, committed 2816K, reserved 1048576K
}
Event: 2,072 GC heap before
{Heap before GC invocations=4 (full 1):
 PSYoungGen      total 36352K, used 5093K [0x00000000d7f80000, 0x00000000dc680000, 0x0000000100000000)
  eden space 31232K, 0% used [0x00000000d7f80000,0x00000000d7f80000,0x00000000d9e00000)
  from space 5120K, 99% used [0x00000000d9e00000,0x00000000da2f9780,0x00000000da300000)
  to   space 5120K, 0% used [0x00000000dc180000,0x00000000dc180000,0x00000000dc680000)
 ParOldGen       total 83456K, used 3596K [0x0000000087e00000, 0x000000008cf80000, 0x00000000d7f80000)
  object space 83456K, 4% used [0x0000000087e00000,0x0000000088183128,0x000000008cf80000)
 Metaspace       used 20611K, capacity 21124K, committed 21248K, reserved 1067008K
  class space    used 2586K, capacity 2747K, committed 2816K, reserved 1048576K
Event: 2,103 GC heap after
Heap after GC invocations=4 (full 1):
 PSYoungGen      total 36352K, used 0K [0x00000000d7f80000, 0x00000000dc680000, 0x0000000100000000)
  eden space 31232K, 0% used [0x00000000d7f80000,0x00000000d7f80000,0x00000000d9e00000)
  from space 5120K, 0% used [0x00000000d9e00000,0x00000000d9e00000,0x00000000da300000)
  to   space 5120K, 0% used [0x00000000dc180000,0x00000000dc180000,0x00000000dc680000)
 ParOldGen       total 58368K, used 7602K [0x0000000087e00000, 0x000000008b700000, 0x00000000d7f80000)
  object space 58368K, 13% used [0x0000000087e00000,0x000000008856cad0,0x000000008b700000)
 Metaspace       used 20611K, capacity 21124K, committed 21248K, reserved 1067008K
  class space    used 2586K, capacity 2747K, committed 2816K, reserved 1048576K
}
Event: 3,511 GC heap before
{Heap before GC invocations=5 (full 1):
 PSYoungGen      total 36352K, used 31232K [0x00000000d7f80000, 0x00000000dc680000, 0x0000000100000000)
  eden space 31232K, 100% used [0x00000000d7f80000,0x00000000d9e00000,0x00000000d9e00000)
  from space 5120K, 0% used [0x00000000d9e00000,0x00000000d9e00000,0x00000000da300000)
  to   space 5120K, 0% used [0x00000000dc180000,0x00000000dc180000,0x00000000dc680000)
 ParOldGen       total 58368K, used 7602K [0x0000000087e00000, 0x000000008b700000, 0x00000000d7f80000)
  object space 58368K, 13% used [0x0000000087e00000,0x000000008856cad0,0x000000008b700000)
 Metaspace       used 23964K, capacity 24544K, committed 24960K, reserved 1071104K
  class space    used 2944K, capacity 3083K, committed 3200K, reserved 1048576K
Event: 3,517 GC heap after
Heap after GC invocations=5 (full 1):
 PSYoungGen      total 50176K, used 5094K [0x00000000d7f80000, 0x00000000dc680000, 0x0000000100000000)
  eden space 45056K, 0% used [0x00000000d7f80000,0x00000000d7f80000,0x00000000dab80000)
  from space 5120K, 99% used [0x00000000dc180000,0x00000000dc679800,0x00000000dc680000)
  to   space 5120K, 0% used [0x00000000dbc80000,0x00000000dbc80000,0x00000000dc180000)
 ParOldGen       total 58368K, used 11064K [0x0000000087e00000, 0x000000008b700000, 0x00000000d7f80000)
  object space 58368K, 18% used [0x0000000087e00000,0x00000000888ce2f8,0x000000008b700000)
 Metaspace       used 23964K, capacity 24544K, committed 24960K, reserved 1071104K
  class space    used 2944K, capacity 3083K, committed 3200K, reserved 1048576K
}
Event: 3,871 GC heap before
{Heap before GC invocations=6 (full 1):
 PSYoungGen      total 50176K, used 46127K [0x00000000d7f80000, 0x00000000dc680000, 0x0000000100000000)
  eden space 45056K, 91% used [0x00000000d7f80000,0x00000000da792430,0x00000000dab80000)
  from space 5120K, 99% used [0x00000000dc180000,0x00000000dc679800,0x00000000dc680000)
  to   space 5120K, 0% used [0x00000000dbc80000,0x00000000dbc80000,0x00000000dc180000)
 ParOldGen       total 58368K, used 11064K [0x0000000087e00000, 0x000000008b700000, 0x00000000d7f80000)
  object space 58368K, 18% used [0x0000000087e00000,0x00000000888ce2f8,0x000000008b700000)
 Metaspace       used 26211K, capacity 26902K, committed 27136K, reserved 1073152K
  class space    used 3351K, capacity 3526K, committed 3584K, reserved 1048576K
Event: 3,877 GC heap after
Heap after GC invocations=6 (full 1):
 PSYoungGen      total 67584K, used 5113K [0x00000000d7f80000, 0x00000000dd600000, 0x0000000100000000)
  eden space 62464K, 0% used [0x00000000d7f80000,0x00000000d7f80000,0x00000000dbc80000)
  from space 5120K, 99% used [0x00000000dbc80000,0x00000000dc17e560,0x00000000dc180000)
  to   space 11264K, 0% used [0x00000000dcb00000,0x00000000dcb00000,0x00000000dd600000)
 ParOldGen       total 58368K, used 15508K [0x0000000087e00000, 0x000000008b700000, 0x00000000d7f80000)
  object space 58368K, 26% used [0x0000000087e00000,0x0000000088d250c8,0x000000008b700000)
 Metaspace       used 26211K, capacity 26902K, committed 27136K, reserved 1073152K
  class space    used 3351K, capacity 3526K, committed 3584K, reserved 1048576K
}

