# JRE version: Java(TM) SE Runtime Environment (8.0_65-b17) (build 1.8.0_65-b17)
# Java VM: Java HotSpot(TM) 64-Bit Server VM (25.65-b01 mixed mode linux-amd64 compressed oops)
Heap:
 PSYoungGen      total 36352K, used 24575K [0x00000000d7f80000, 0x00000000db680000, 0x0000000100000000)
  eden space 31232K, 64% used [0x00000000d7f80000,0x00000000d933fac0,0x00000000d9e00000)
  from space 5120K, 85% used [0x00000000da300000,0x00000000da740458,0x00000000da800000)
  to   space 5120K, 0% used [0x00000000d9e00000,0x00000000d9e00000,0x00000000da300000)
 ParOldGen       total 70144K, used 13137K [0x0000000087e00000, 0x000000008c280000, 0x00000000d7f80000)
  object space 70144K, 18% used [0x0000000087e00000,0x0000000088ad45b8,0x000000008c280000)
 Metaspace       used 28388K, capacity 29288K, committed 29440K, reserved 1075200K
  class space    used 3780K, capacity 4005K, committed 4096K, reserved 1048576K
GC Heap History (10 events):
Event: 0,936 GC heap before
{Heap before GC invocations=1 (full 0):
 PSYoungGen      total 36352K, used 31232K [0x00000000d7f80000, 0x00000000da800000, 0x0000000100000000)
  eden space 31232K, 100% used [0x00000000d7f80000,0x00000000d9e00000,0x00000000d9e00000)
  from space 5120K, 0% used [0x00000000da300000,0x00000000da300000,0x00000000da800000)
  to   space 5120K, 0% used [0x00000000d9e00000,0x00000000d9e00000,0x00000000da300000)
 ParOldGen       total 83456K, used 0K [0x0000000087e00000, 0x000000008cf80000, 0x00000000d7f80000)
  object space 83456K, 0% used [0x0000000087e00000,0x0000000087e00000,0x000000008cf80000)
 Metaspace       used 11912K, capacity 12404K, committed 12544K, reserved 1060864K
  class space    used 1574K, capacity 1723K, committed 1792K, reserved 1048576K
Event: 0,944 GC heap after
Heap after GC invocations=1 (full 0):
 PSYoungGen      total 36352K, used 3953K [0x00000000d7f80000, 0x00000000da800000, 0x0000000100000000)
  eden space 31232K, 0% used [0x00000000d7f80000,0x00000000d7f80000,0x00000000d9e00000)
  from space 5120K, 77% used [0x00000000d9e00000,0x00000000da1dc7f0,0x00000000da300000)
  to   space 5120K, 0% used [0x00000000da300000,0x00000000da300000,0x00000000da800000)
 ParOldGen       total 83456K, used 72K [0x0000000087e00000, 0x000000008cf80000, 0x00000000d7f80000)
  object space 83456K, 0% used [0x0000000087e00000,0x0000000087e12010,0x000000008cf80000)
 Metaspace       used 11912K, capacity 12404K, committed 12544K, reserved 1060864K
  class space    used 1574K, capacity 1723K, committed 1792K, reserved 1048576K
}
Event: 1,822 GC heap before
{Heap before GC invocations=2 (full 0):
 PSYoungGen      total 36352K, used 35185K [0x00000000d7f80000, 0x00000000da800000, 0x0000000100000000)
  eden space 31232K, 100% used [0x00000000d7f80000,0x00000000d9e00000,0x00000000d9e00000)
  from space 5120K, 77% used [0x00000000d9e00000,0x00000000da1dc7f0,0x00000000da300000)
  to   space 5120K, 0% used [0x00000000da300000,0x00000000da300000,0x00000000da800000)
 ParOldGen       total 83456K, used 72K [0x0000000087e00000, 0x000000008cf80000, 0x00000000d7f80000)
  object space 83456K, 0% used [0x0000000087e00000,0x0000000087e12010,0x000000008cf80000)
 Metaspace       used 18113K, capacity 18688K, committed 18944K, reserved 1064960K
  class space    used 2305K, capacity 2441K, committed 2560K, reserved 1048576K
Event: 1,834 GC heap after
Heap after GC invocations=2 (full 0):
 PSYoungGen      total 36352K, used 5105K [0x00000000d7f80000, 0x00000000dc680000, 0x0000000100000000)
  eden space 31232K, 0% used [0x00000000d7f80000,0x00000000d7f80000,0x00000000d9e00000)
  from space 5120K, 99% used [0x00000000da300000,0x00000000da7fc7c8,0x00000000da800000)
  to   space 5120K, 0% used [0x00000000d9e00000,0x00000000d9e00000,0x00000000da300000)
 ParOldGen       total 83456K, used 4606K [0x0000000087e00000, 0x000000008cf80000, 0x00000000d7f80000)
  object space 83456K, 5% used [0x0000000087e00000,0x000000008827fa38,0x000000008cf80000)
 Metaspace       used 18113K, capacity 18688K, committed 18944K, reserved 1064960K
  class space    used 2305K, capacity 2441K, committed 2560K, reserved 1048576K
}
Event: 3,209 GC heap before
{Heap before GC invocations=3 (full 0):
 PSYoungGen      total 36352K, used 27759K [0x00000000d7f80000, 0x00000000dc680000, 0x0000000100000000)
  eden space 31232K, 72% used [0x00000000d7f80000,0x00000000d959f438,0x00000000d9e00000)
  from space 5120K, 99% used [0x00000000da300000,0x00000000da7fc7c8,0x00000000da800000)
  to   space 5120K, 0% used [0x00000000d9e00000,0x00000000d9e00000,0x00000000da300000)
 ParOldGen       total 83456K, used 4606K [0x0000000087e00000, 0x000000008cf80000, 0x00000000d7f80000)
  object space 83456K, 5% used [0x0000000087e00000,0x000000008827fa38,0x000000008cf80000)
 Metaspace       used 20670K, capacity 21156K, committed 21296K, reserved 1069056K
  class space    used 2548K, capacity 2677K, committed 2688K, reserved 1048576K
Event: 3,219 GC heap after
Heap after GC invocations=3 (full 0):
 PSYoungGen      total 36352K, used 5096K [0x00000000d7f80000, 0x00000000da800000, 0x0000000100000000)
  eden space 31232K, 0% used [0x00000000d7f80000,0x00000000d7f80000,0x00000000d9e00000)
  from space 5120K, 99% used [0x00000000d9e00000,0x00000000da2fa270,0x00000000da300000)
  to   space 5120K, 0% used [0x00000000da300000,0x00000000da300000,0x00000000da800000)
 ParOldGen       total 83456K, used 11279K [0x0000000087e00000, 0x000000008cf80000, 0x00000000d7f80000)
  object space 83456K, 13% used [0x0000000087e00000,0x0000000088903fc0,0x000000008cf80000)
 Metaspace       used 20670K, capacity 21156K, committed 21296K, reserved 1069056K
  class space    used 2548K, capacity 2677K, committed 2688K, reserved 1048576K
}
Event: 3,219 GC heap before
{Heap before GC invocations=4 (full 1):
 PSYoungGen      total 36352K, used 5096K [0x00000000d7f80000, 0x00000000da800000, 0x0000000100000000)
  eden space 31232K, 0% used [0x00000000d7f80000,0x00000000d7f80000,0x00000000d9e00000)
  from space 5120K, 99% used [0x00000000d9e00000,0x00000000da2fa270,0x00000000da300000)
  to   space 5120K, 0% used [0x00000000da300000,0x00000000da300000,0x00000000da800000)
 ParOldGen       total 83456K, used 11279K [0x0000000087e00000, 0x000000008cf80000, 0x00000000d7f80000)
  object space 83456K, 13% used [0x0000000087e00000,0x0000000088903fc0,0x000000008cf80000)
 Metaspace       used 20670K, capacity 21156K, committed 21296K, reserved 1069056K
  class space    used 2548K, capacity 2677K, committed 2688K, reserved 1048576K
Event: 3,253 GC heap after
Heap after GC invocations=4 (full 1):
 PSYoungGen      total 36352K, used 0K [0x00000000d7f80000, 0x00000000da800000, 0x0000000100000000)
  eden space 31232K, 0% used [0x00000000d7f80000,0x00000000d7f80000,0x00000000d9e00000)
  from space 5120K, 0% used [0x00000000d9e00000,0x00000000d9e00000,0x00000000da300000)
  to   space 5120K, 0% used [0x00000000da300000,0x00000000da300000,0x00000000da800000)
 ParOldGen       total 70144K, used 13129K [0x0000000087e00000, 0x000000008c280000, 0x00000000d7f80000)
  object space 70144K, 18% used [0x0000000087e00000,0x0000000088ad25b8,0x000000008c280000)
 Metaspace       used 20670K, capacity 21156K, committed 21296K, reserved 1069056K
  class space    used 2548K, capacity 2677K, committed 2688K, reserved 1048576K
}
Event: 3,720 GC heap before
{Heap before GC invocations=5 (full 1):
 PSYoungGen      total 36352K, used 28907K [0x00000000d7f80000, 0x00000000da800000, 0x0000000100000000)
  eden space 31232K, 92% used [0x00000000d7f80000,0x00000000d9bbaf28,0x00000000d9e00000)
  from space 5120K, 0% used [0x00000000d9e00000,0x00000000d9e00000,0x00000000da300000)
  to   space 5120K, 0% used [0x00000000da300000,0x00000000da300000,0x00000000da800000)
 ParOldGen       total 70144K, used 13129K [0x0000000087e00000, 0x000000008c280000, 0x00000000d7f80000)
  object space 70144K, 18% used [0x0000000087e00000,0x0000000088ad25b8,0x000000008c280000)
 Metaspace       used 24973K, capacity 25656K, committed 25984K, reserved 1071104K
  class space    used 3196K, capacity 3397K, committed 3456K, reserved 1048576K
Event: 3,724 GC heap after
Heap after GC invocations=5 (full 1):
 PSYoungGen      total 36352K, used 4353K [0x00000000d7f80000, 0x00000000db680000, 0x0000000100000000)
  eden space 31232K, 0% used [0x00000000d7f80000,0x00000000d7f80000,0x00000000d9e00000)
  from space 5120K, 85% used [0x00000000da300000,0x00000000da740458,0x00000000da800000)
  to   space 5120K, 0% used [0x00000000d9e00000,0x00000000d9e00000,0x00000000da300000)
 ParOldGen       total 70144K, used 13137K [0x0000000087e00000, 0x000000008c280000, 0x00000000d7f80000)
  object space 70144K, 18% used [0x0000000087e00000,0x0000000088ad45b8,0x000000008c280000)
 Metaspace       used 24973K, capacity 25656K, committed 25984K, reserved 1071104K
  class space    used 3196K, capacity 3397K, committed 3456K, reserved 1048576K
}

