# JRE version: Java(TM) SE Runtime Environment (8.0_65-b17) (build 1.8.0_65-b17)
# Java VM: Java HotSpot(TM) 64-Bit Server VM (25.65-b01 mixed mode linux-amd64 compressed oops)
Heap:
 PSYoungGen      total 67584K, used 40360K [0x00000000d7f80000, 0x00000000dde00000, 0x0000000100000000)
  eden space 62464K, 56% used [0x00000000d7f80000,0x00000000da1ec268,0x00000000dbc80000)
  from space 5120K, 99% used [0x00000000dbc80000,0x00000000dc17e0f0,0x00000000dc180000)
  to   space 14336K, 0% used [0x00000000dd000000,0x00000000dd000000,0x00000000dde00000)
 ParOldGen       total 55808K, used 20307K [0x0000000087e00000, 0x000000008b480000, 0x00000000d7f80000)
  object space 55808K, 36% used [0x0000000087e00000,0x00000000891d4f70,0x000000008b480000)
 Metaspace       used 31932K, capacity 33240K, committed 33408K, reserved 1079296K
  class space    used 4174K, capacity 4453K, committed 4480K, reserved 1048576K
GC Heap History (10 events):
Event: 3,184 GC heap before
{Heap before GC invocations=2 (full 0):
 PSYoungGen      total 36352K, used 35983K [0x00000000d7f80000, 0x00000000da800000, 0x0000000100000000)
  eden space 31232K, 100% used [0x00000000d7f80000,0x00000000d9e00000,0x00000000d9e00000)
  from space 5120K, 92% used [0x00000000d9e00000,0x00000000da2a3c90,0x00000000da300000)
  to   space 5120K, 0% used [0x00000000da300000,0x00000000da300000,0x00000000da800000)
 ParOldGen       total 83456K, used 72K [0x0000000087e00000, 0x000000008cf80000, 0x00000000d7f80000)
  object space 83456K, 0% used [0x0000000087e00000,0x0000000087e12010,0x000000008cf80000)
 Metaspace       used 18003K, capacity 18544K, committed 18688K, reserved 1064960K
  class space    used 2273K, capacity 2451K, committed 2560K, reserved 1048576K
Event: 3,203 GC heap after
Heap after GC invocations=2 (full 0):
 PSYoungGen      total 36352K, used 5105K [0x00000000d7f80000, 0x00000000dc680000, 0x0000000100000000)
  eden space 31232K, 0% used [0x00000000d7f80000,0x00000000d7f80000,0x00000000d9e00000)
  from space 5120K, 99% used [0x00000000da300000,0x00000000da7fc7f0,0x00000000da800000)
  to   space 5120K, 0% used [0x00000000d9e00000,0x00000000d9e00000,0x00000000da300000)
 ParOldGen       total 83456K, used 1287K [0x0000000087e00000, 0x000000008cf80000, 0x00000000d7f80000)
  object space 83456K, 1% used [0x0000000087e00000,0x0000000087f41e88,0x000000008cf80000)
 Metaspace       used 18003K, capacity 18544K, committed 18688K, reserved 1064960K
  class space    used 2273K, capacity 2451K, committed 2560K, reserved 1048576K
}
Event: 3,729 GC heap before
{Heap before GC invocations=3 (full 0):
 PSYoungGen      total 36352K, used 15947K [0x00000000d7f80000, 0x00000000dc680000, 0x0000000100000000)
  eden space 31232K, 34% used [0x00000000d7f80000,0x00000000d8a16478,0x00000000d9e00000)
  from space 5120K, 99% used [0x00000000da300000,0x00000000da7fc7f0,0x00000000da800000)
  to   space 5120K, 0% used [0x00000000d9e00000,0x00000000d9e00000,0x00000000da300000)
 ParOldGen       total 83456K, used 1287K [0x0000000087e00000, 0x000000008cf80000, 0x00000000d7f80000)
  object space 83456K, 1% used [0x0000000087e00000,0x0000000087f41e88,0x000000008cf80000)
 Metaspace       used 20592K, capacity 21114K, committed 21248K, reserved 1067008K
  class space    used 2582K, capacity 2746K, committed 2816K, reserved 1048576K
Event: 3,765 GC heap after
Heap after GC invocations=3 (full 0):
 PSYoungGen      total 36352K, used 5093K [0x00000000d7f80000, 0x00000000dc680000, 0x0000000100000000)
  eden space 31232K, 0% used [0x00000000d7f80000,0x00000000d7f80000,0x00000000d9e00000)
  from space 5120K, 99% used [0x00000000d9e00000,0x00000000da2f9790,0x00000000da300000)
  to   space 5120K, 0% used [0x00000000dc180000,0x00000000dc180000,0x00000000dc680000)
 ParOldGen       total 83456K, used 3354K [0x0000000087e00000, 0x000000008cf80000, 0x00000000d7f80000)
  object space 83456K, 4% used [0x0000000087e00000,0x0000000088146b88,0x000000008cf80000)
 Metaspace       used 20592K, capacity 21114K, committed 21248K, reserved 1067008K
  class space    used 2582K, capacity 2746K, committed 2816K, reserved 1048576K
}
Event: 3,765 GC heap before
{Heap before GC invocations=4 (full 1):
 PSYoungGen      total 36352K, used 5093K [0x00000000d7f80000, 0x00000000dc680000, 0x0000000100000000)
  eden space 31232K, 0% used [0x00000000d7f80000,0x00000000d7f80000,0x00000000d9e00000)
  from space 5120K, 99% used [0x00000000d9e00000,0x00000000da2f9790,0x00000000da300000)
  to   space 5120K, 0% used [0x00000000dc180000,0x00000000dc180000,0x00000000dc680000)
 ParOldGen       total 83456K, used 3354K [0x0000000087e00000, 0x000000008cf80000, 0x00000000d7f80000)
  object space 83456K, 4% used [0x0000000087e00000,0x0000000088146b88,0x000000008cf80000)
 Metaspace       used 20592K, capacity 21114K, committed 21248K, reserved 1067008K
  class space    used 2582K, capacity 2746K, committed 2816K, reserved 1048576K
Event: 3,857 GC heap after
Heap after GC invocations=4 (full 1):
 PSYoungGen      total 36352K, used 0K [0x00000000d7f80000, 0x00000000dc680000, 0x0000000100000000)
  eden space 31232K, 0% used [0x00000000d7f80000,0x00000000d7f80000,0x00000000d9e00000)
  from space 5120K, 0% used [0x00000000d9e00000,0x00000000d9e00000,0x00000000da300000)
  to   space 5120K, 0% used [0x00000000dc180000,0x00000000dc180000,0x00000000dc680000)
 ParOldGen       total 55808K, used 7316K [0x0000000087e00000, 0x000000008b480000, 0x00000000d7f80000)
  object space 55808K, 13% used [0x0000000087e00000,0x0000000088525208,0x000000008b480000)
 Metaspace       used 20592K, capacity 21114K, committed 21248K, reserved 1067008K
  class space    used 2582K, capacity 2746K, committed 2816K, reserved 1048576K
}
Event: 5,502 GC heap before
{Heap before GC invocations=5 (full 1):
 PSYoungGen      total 36352K, used 31232K [0x00000000d7f80000, 0x00000000dc680000, 0x0000000100000000)
  eden space 31232K, 100% used [0x00000000d7f80000,0x00000000d9e00000,0x00000000d9e00000)
  from space 5120K, 0% used [0x00000000d9e00000,0x00000000d9e00000,0x00000000da300000)
  to   space 5120K, 0% used [0x00000000dc180000,0x00000000dc180000,0x00000000dc680000)
 ParOldGen       total 55808K, used 7316K [0x0000000087e00000, 0x000000008b480000, 0x00000000d7f80000)
  object space 55808K, 13% used [0x0000000087e00000,0x0000000088525208,0x000000008b480000)
 Metaspace       used 23935K, capacity 24464K, committed 24704K, reserved 1071104K
  class space    used 2938K, capacity 3081K, committed 3200K, reserved 1048576K
Event: 5,510 GC heap after
Heap after GC invocations=5 (full 1):
 PSYoungGen      total 51712K, used 5118K [0x00000000d7f80000, 0x00000000dc680000, 0x0000000100000000)
  eden space 46592K, 0% used [0x00000000d7f80000,0x00000000d7f80000,0x00000000dad00000)
  from space 5120K, 99% used [0x00000000dc180000,0x00000000dc67fb48,0x00000000dc680000)
  to   space 5120K, 0% used [0x00000000dbc80000,0x00000000dbc80000,0x00000000dc180000)
 ParOldGen       total 55808K, used 10987K [0x0000000087e00000, 0x000000008b480000, 0x00000000d7f80000)
  object space 55808K, 19% used [0x0000000087e00000,0x00000000888bad60,0x000000008b480000)
 Metaspace       used 23935K, capacity 24464K, committed 24704K, reserved 1071104K
  class space    used 2938K, capacity 3081K, committed 3200K, reserved 1048576K
}
Event: 5,945 GC heap before
{Heap before GC invocations=6 (full 1):
 PSYoungGen      total 51712K, used 51710K [0x00000000d7f80000, 0x00000000dc680000, 0x0000000100000000)
  eden space 46592K, 100% used [0x00000000d7f80000,0x00000000dad00000,0x00000000dad00000)
  from space 5120K, 99% used [0x00000000dc180000,0x00000000dc67fb48,0x00000000dc680000)
  to   space 5120K, 0% used [0x00000000dbc80000,0x00000000dbc80000,0x00000000dc180000)
 ParOldGen       total 55808K, used 10987K [0x0000000087e00000, 0x000000008b480000, 0x00000000d7f80000)
  object space 55808K, 19% used [0x0000000087e00000,0x00000000888bad60,0x000000008b480000)
 Metaspace       used 26455K, capacity 27272K, committed 27520K, reserved 1073152K
  class space    used 3398K, capacity 3599K, committed 3712K, reserved 1048576K
Event: 5,952 GC heap after
Heap after GC invocations=6 (full 1):
 PSYoungGen      total 67584K, used 5112K [0x00000000d7f80000, 0x00000000dde00000, 0x0000000100000000)
  eden space 62464K, 0% used [0x00000000d7f80000,0x00000000d7f80000,0x00000000dbc80000)
  from space 5120K, 99% used [0x00000000dbc80000,0x00000000dc17e0f0,0x00000000dc180000)
  to   space 14336K, 0% used [0x00000000dd000000,0x00000000dd000000,0x00000000dde00000)
 ParOldGen       total 55808K, used 20307K [0x0000000087e00000, 0x000000008b480000, 0x00000000d7f80000)
  object space 55808K, 36% used [0x0000000087e00000,0x00000000891d4f70,0x000000008b480000)
 Metaspace       used 26455K, capacity 27272K, committed 27520K, reserved 1073152K
  class space    used 3398K, capacity 3599K, committed 3712K, reserved 1048576K
}

