# JRE version: Java(TM) SE Runtime Environment (8.0_65-b17) (build 1.8.0_65-b17)
# Java VM: Java HotSpot(TM) 64-Bit Server VM (25.65-b01 mixed mode linux-amd64 compressed oops)
Heap:
 PSYoungGen      total 67584K, used 43825K [0x00000000d7f80000, 0x00000000dd700000, 0x0000000100000000)
  eden space 62464K, 61% used [0x00000000d7f80000,0x00000000da54d680,0x00000000dbc80000)
  from space 5120K, 99% used [0x00000000dbc80000,0x00000000dc17ef60,0x00000000dc180000)
  to   space 11264K, 0% used [0x00000000dcc00000,0x00000000dcc00000,0x00000000dd700000)
 ParOldGen       total 57856K, used 15387K [0x0000000087e00000, 0x000000008b680000, 0x00000000d7f80000)
  object space 57856K, 26% used [0x0000000087e00000,0x0000000088d06fa8,0x000000008b680000)
 Metaspace       used 31821K, capacity 33100K, committed 33152K, reserved 1077248K
  class space    used 4174K, capacity 4453K, committed 4480K, reserved 1048576K
GC Heap History (10 events):
Event: 1,783 GC heap before
{Heap before GC invocations=2 (full 0):
 PSYoungGen      total 36352K, used 36044K [0x00000000d7f80000, 0x00000000da800000, 0x0000000100000000)
  eden space 31232K, 100% used [0x00000000d7f80000,0x00000000d9e00000,0x00000000d9e00000)
  from space 5120K, 93% used [0x00000000d9e00000,0x00000000da2b3028,0x00000000da300000)
  to   space 5120K, 0% used [0x00000000da300000,0x00000000da300000,0x00000000da800000)
 ParOldGen       total 83456K, used 72K [0x0000000087e00000, 0x000000008cf80000, 0x00000000d7f80000)
  object space 83456K, 0% used [0x0000000087e00000,0x0000000087e12010,0x000000008cf80000)
 Metaspace       used 18014K, capacity 18508K, committed 18560K, reserved 1064960K
  class space    used 2287K, capacity 2419K, committed 2432K, reserved 1048576K
Event: 1,790 GC heap after
Heap after GC invocations=2 (full 0):
 PSYoungGen      total 36352K, used 5090K [0x00000000d7f80000, 0x00000000da800000, 0x0000000100000000)
  eden space 31232K, 0% used [0x00000000d7f80000,0x00000000d7f80000,0x00000000d9e00000)
  from space 5120K, 99% used [0x00000000da300000,0x00000000da7f8800,0x00000000da800000)
  to   space 5120K, 0% used [0x00000000d9e00000,0x00000000d9e00000,0x00000000da300000)
 ParOldGen       total 83456K, used 1368K [0x0000000087e00000, 0x000000008cf80000, 0x00000000d7f80000)
  object space 83456K, 1% used [0x0000000087e00000,0x0000000087f562d8,0x000000008cf80000)
 Metaspace       used 18014K, capacity 18508K, committed 18560K, reserved 1064960K
  class space    used 2287K, capacity 2419K, committed 2432K, reserved 1048576K
}
Event: 2,007 GC heap before
{Heap before GC invocations=3 (full 0):
 PSYoungGen      total 36352K, used 17038K [0x00000000d7f80000, 0x00000000da800000, 0x0000000100000000)
  eden space 31232K, 38% used [0x00000000d7f80000,0x00000000d8b2b2e0,0x00000000d9e00000)
  from space 5120K, 99% used [0x00000000da300000,0x00000000da7f8800,0x00000000da800000)
  to   space 5120K, 0% used [0x00000000d9e00000,0x00000000d9e00000,0x00000000da300000)
 ParOldGen       total 83456K, used 1368K [0x0000000087e00000, 0x000000008cf80000, 0x00000000d7f80000)
  object space 83456K, 1% used [0x0000000087e00000,0x0000000087f562d8,0x000000008cf80000)
 Metaspace       used 20613K, capacity 21148K, committed 21248K, reserved 1067008K
  class space    used 2592K, capacity 2779K, committed 2816K, reserved 1048576K
Event: 2,016 GC heap after
Heap after GC invocations=3 (full 0):
 PSYoungGen      total 36352K, used 5109K [0x00000000d7f80000, 0x00000000dc680000, 0x0000000100000000)
  eden space 31232K, 0% used [0x00000000d7f80000,0x00000000d7f80000,0x00000000d9e00000)
  from space 5120K, 99% used [0x00000000d9e00000,0x00000000da2fd790,0x00000000da300000)
  to   space 5120K, 0% used [0x00000000dc180000,0x00000000dc180000,0x00000000dc680000)
 ParOldGen       total 83456K, used 3585K [0x0000000087e00000, 0x000000008cf80000, 0x00000000d7f80000)
  object space 83456K, 4% used [0x0000000087e00000,0x00000000881807d0,0x000000008cf80000)
 Metaspace       used 20613K, capacity 21148K, committed 21248K, reserved 1067008K
  class space    used 2592K, capacity 2779K, committed 2816K, reserved 1048576K
}
Event: 2,016 GC heap before
{Heap before GC invocations=4 (full 1):
 PSYoungGen      total 36352K, used 5109K [0x00000000d7f80000, 0x00000000dc680000, 0x0000000100000000)
  eden space 31232K, 0% used [0x00000000d7f80000,0x00000000d7f80000,0x00000000d9e00000)
  from space 5120K, 99% used [0x00000000d9e00000,0x00000000da2fd790,0x00000000da300000)
  to   space 5120K, 0% used [0x00000000dc180000,0x00000000dc180000,0x00000000dc680000)
 ParOldGen       total 83456K, used 3585K [0x0000000087e00000, 0x000000008cf80000, 0x00000000d7f80000)
  object space 83456K, 4% used [0x0000000087e00000,0x00000000881807d0,0x000000008cf80000)
 Metaspace       used 20613K, capacity 21148K, committed 21248K, reserved 1067008K
  class space    used 2592K, capacity 2779K, committed 2816K, reserved 1048576K
Event: 2,051 GC heap after
Heap after GC invocations=4 (full 1):
 PSYoungGen      total 36352K, used 0K [0x00000000d7f80000, 0x00000000dc680000, 0x0000000100000000)
  eden space 31232K, 0% used [0x00000000d7f80000,0x00000000d7f80000,0x00000000d9e00000)
  from space 5120K, 0% used [0x00000000d9e00000,0x00000000d9e00000,0x00000000da300000)
  to   space 5120K, 0% used [0x00000000dc180000,0x00000000dc180000,0x00000000dc680000)
 ParOldGen       total 57856K, used 7488K [0x0000000087e00000, 0x000000008b680000, 0x00000000d7f80000)
  object space 57856K, 12% used [0x0000000087e00000,0x00000000885500f8,0x000000008b680000)
 Metaspace       used 20613K, capacity 21148K, committed 21248K, reserved 1067008K
  class space    used 2592K, capacity 2779K, committed 2816K, reserved 1048576K
}
Event: 3,485 GC heap before
{Heap before GC invocations=5 (full 1):
 PSYoungGen      total 36352K, used 31232K [0x00000000d7f80000, 0x00000000dc680000, 0x0000000100000000)
  eden space 31232K, 100% used [0x00000000d7f80000,0x00000000d9e00000,0x00000000d9e00000)
  from space 5120K, 0% used [0x00000000d9e00000,0x00000000d9e00000,0x00000000da300000)
  to   space 5120K, 0% used [0x00000000dc180000,0x00000000dc180000,0x00000000dc680000)
 ParOldGen       total 57856K, used 7488K [0x0000000087e00000, 0x000000008b680000, 0x00000000d7f80000)
  object space 57856K, 12% used [0x0000000087e00000,0x00000000885500f8,0x000000008b680000)
 Metaspace       used 23919K, capacity 24472K, committed 24704K, reserved 1071104K
  class space    used 2947K, capacity 3083K, committed 3200K, reserved 1048576K
Event: 3,492 GC heap after
Heap after GC invocations=5 (full 1):
 PSYoungGen      total 50688K, used 5094K [0x00000000d7f80000, 0x00000000dc680000, 0x0000000100000000)
  eden space 45568K, 0% used [0x00000000d7f80000,0x00000000d7f80000,0x00000000dac00000)
  from space 5120K, 99% used [0x00000000dc180000,0x00000000dc679800,0x00000000dc680000)
  to   space 5120K, 0% used [0x00000000dbc80000,0x00000000dbc80000,0x00000000dc180000)
 ParOldGen       total 57856K, used 10950K [0x0000000087e00000, 0x000000008b680000, 0x00000000d7f80000)
  object space 57856K, 18% used [0x0000000087e00000,0x00000000888b1988,0x000000008b680000)
 Metaspace       used 23919K, capacity 24472K, committed 24704K, reserved 1071104K
  class space    used 2947K, capacity 3083K, committed 3200K, reserved 1048576K
}
Event: 3,816 GC heap before
{Heap before GC invocations=6 (full 1):
 PSYoungGen      total 50688K, used 46265K [0x00000000d7f80000, 0x00000000dc680000, 0x0000000100000000)
  eden space 45568K, 90% used [0x00000000d7f80000,0x00000000da7b4f98,0x00000000dac00000)
  from space 5120K, 99% used [0x00000000dc180000,0x00000000dc679800,0x00000000dc680000)
  to   space 5120K, 0% used [0x00000000dbc80000,0x00000000dbc80000,0x00000000dc180000)
 ParOldGen       total 57856K, used 10950K [0x0000000087e00000, 0x000000008b680000, 0x00000000d7f80000)
  object space 57856K, 18% used [0x0000000087e00000,0x00000000888b1988,0x000000008b680000)
 Metaspace       used 26152K, capacity 26874K, committed 27136K, reserved 1073152K
  class space    used 3352K, capacity 3558K, committed 3584K, reserved 1048576K
Event: 3,823 GC heap after
Heap after GC invocations=6 (full 1):
 PSYoungGen      total 67584K, used 5115K [0x00000000d7f80000, 0x00000000dd700000, 0x0000000100000000)
  eden space 62464K, 0% used [0x00000000d7f80000,0x00000000d7f80000,0x00000000dbc80000)
  from space 5120K, 99% used [0x00000000dbc80000,0x00000000dc17ef60,0x00000000dc180000)
  to   space 11264K, 0% used [0x00000000dcc00000,0x00000000dcc00000,0x00000000dd700000)
 ParOldGen       total 57856K, used 15387K [0x0000000087e00000, 0x000000008b680000, 0x00000000d7f80000)
  object space 57856K, 26% used [0x0000000087e00000,0x0000000088d06fa8,0x000000008b680000)
 Metaspace       used 26152K, capacity 26874K, committed 27136K, reserved 1073152K
  class space    used 3352K, capacity 3558K, committed 3584K, reserved 1048576K
}

